<?xml version="1.0" encoding="UTF-8"?>
<robot generator="Robot 4.1.2 (Python 3.10.0 on win32)" generated="20220220 01:15:32.537" rpa="false" schemaversion="2">
<suite id="s1" name="TestCases" source="C:\MyProperty\SQA-Automation-Task-2022-BrainStation23\TestCases">
<suite id="s1-s1" name="TS MyStore 001" source="C:\MyProperty\SQA-Automation-Task-2022-BrainStation23\TestCases\TS_MyStore_001.robot">
<kw name="Open and visit website" library="BaseKeywords" type="SETUP">
<arg>${link}</arg>
<arg>${browser}</arg>
<kw name="Open Browser" library="SeleniumLibrary">
<arg>${url}</arg>
<arg>${driver}</arg>
<doc>Opens a new browser instance to the optional ``url``.</doc>
<msg timestamp="20220220 01:15:33.013" level="INFO">Opening browser 'chrome' to base url 'http://automationpractice.com/index.php'.</msg>
<status status="PASS" starttime="20220220 01:15:33.012" endtime="20220220 01:15:43.382"/>
</kw>
<kw name="Maximize Browser Window" library="SeleniumLibrary">
<doc>Maximizes current browser window.</doc>
<status status="PASS" starttime="20220220 01:15:43.383" endtime="20220220 01:15:43.553"/>
</kw>
<status status="PASS" starttime="20220220 01:15:33.011" endtime="20220220 01:15:43.555"/>
</kw>
<test id="s1-s1-t1" name="TC_MyStore_Landing_Page_01">
<kw name="Maximize Browser Window" library="SeleniumLibrary">
<doc>Maximizes current browser window.</doc>
<status status="PASS" starttime="20220220 01:15:43.560" endtime="20220220 01:15:43.567"/>
</kw>
<kw name="Sleep" library="BuiltIn">
<arg>3s</arg>
<doc>Pauses the test executed for the given time.</doc>
<msg timestamp="20220220 01:15:46.573" level="INFO">Slept 3 seconds</msg>
<status status="PASS" starttime="20220220 01:15:43.570" endtime="20220220 01:15:46.573"/>
</kw>
<doc>Check if landing page can be visited</doc>
<tag>p0</tag>
<status status="PASS" starttime="20220220 01:15:43.556" endtime="20220220 01:15:46.574"/>
</test>
<kw name="Close Browser" library="BaseKeywords" type="TEARDOWN">
<kw name="Close All Browsers" library="SeleniumLibrary">
<doc>Closes all open browsers and resets the browser cache.</doc>
<status status="PASS" starttime="20220220 01:15:46.578" endtime="20220220 01:15:49.284"/>
</kw>
<status status="PASS" starttime="20220220 01:15:46.577" endtime="20220220 01:15:49.285"/>
</kw>
<doc>Check the functionality of landing page</doc>
<status status="PASS" starttime="20220220 01:15:32.581" endtime="20220220 01:15:49.285"/>
</suite>
<suite id="s1-s2" name="TS MyStore 002" source="C:\MyProperty\SQA-Automation-Task-2022-BrainStation23\TestCases\TS_MyStore_002.robot">
<kw name="Open and visit website" library="BaseKeywords" type="SETUP">
<arg>${link}</arg>
<arg>${browser}</arg>
<kw name="Open Browser" library="SeleniumLibrary">
<arg>${url}</arg>
<arg>${driver}</arg>
<doc>Opens a new browser instance to the optional ``url``.</doc>
<msg timestamp="20220220 01:15:50.612" level="INFO">Opening browser 'chrome' to base url 'http://automationpractice.com/index.php'.</msg>
<status status="PASS" starttime="20220220 01:15:50.611" endtime="20220220 01:16:02.567"/>
</kw>
<kw name="Maximize Browser Window" library="SeleniumLibrary">
<doc>Maximizes current browser window.</doc>
<status status="PASS" starttime="20220220 01:16:02.568" endtime="20220220 01:16:02.746"/>
</kw>
<status status="PASS" starttime="20220220 01:15:50.610" endtime="20220220 01:16:02.746"/>
</kw>
<test id="s1-s2-t1" name="TC_MyStore_Signin_02_to_04">
<kw name="Repeating testcases from TC_MyStore_Signin">
<arg>Mr.</arg>
<arg>Imran</arg>
<arg>Hossain</arg>
<arg>imran4@sample.com</arg>
<arg>12345</arg>
<arg>6</arg>
<arg>6</arg>
<arg>1995</arg>
<arg>Brain Station 23</arg>
<arg>S Washington Blvd, Washington, The Pentagon</arg>
<arg>Flat: A2, Floor: 2nd</arg>
<arg>Washington</arg>
<arg>45129</arg>
<arg>Maryland</arg>
<arg>United States</arg>
<arg>From Bangladesh</arg>
<arg>(234) 235-5678</arg>
<arg>(234) 265-5678</arg>
<arg>Near The Pentagon office</arg>
<kw name="Go to signin Page" library="LoginKeywords">
<arg>${heading_signin}</arg>
<kw name="Click Link" library="SeleniumLibrary">
<arg>${nav_sign_in_tag}</arg>
<doc>Clicks a link identified by ``locator``.</doc>
<msg timestamp="20220220 01:16:02.765" level="INFO">Clicking link 'xpath://*[@id="header"]/div[2]/div/div/nav/div[1]/a'.</msg>
<status status="PASS" starttime="20220220 01:16:02.764" endtime="20220220 01:16:06.227"/>
</kw>
<kw name="Wait Until Page Contains" library="SeleniumLibrary">
<arg>${key}</arg>
<arg>60s</arg>
<doc>Waits until ``text`` appears on the current page.</doc>
<status status="PASS" starttime="20220220 01:16:06.227" endtime="20220220 01:16:06.258"/>
</kw>
<status status="PASS" starttime="20220220 01:16:02.762" endtime="20220220 01:16:06.258"/>
</kw>
<kw name="Check email validation" library="RegistrationKeywords">
<arg>${email}</arg>
<kw name="Input Text" library="SeleniumLibrary">
<arg>${txt_sign_up_email}</arg>
<arg>${username}</arg>
<doc>Types the given ``text`` into the text field identified by ``locator``.</doc>
<msg timestamp="20220220 01:16:06.259" level="INFO">Typing text 'imran4@sample.com' into text field 'xpath://*[@id="email_create"]'.</msg>
<status status="PASS" starttime="20220220 01:16:06.259" endtime="20220220 01:16:06.445"/>
</kw>
<kw name="Click Element" library="SeleniumLibrary">
<arg>${lbl_sign_up_email}</arg>
<doc>Click the element identified by ``locator``.</doc>
<msg timestamp="20220220 01:16:06.446" level="INFO">Clicking element 'xpath://*[@id="create-account_form"]/div/div[2]/label'.</msg>
<status status="PASS" starttime="20220220 01:16:06.445" endtime="20220220 01:16:06.555"/>
</kw>
<status status="PASS" starttime="20220220 01:16:06.258" endtime="20220220 01:16:06.556"/>
</kw>
<kw name="Get redirected to main registration from" library="RegistrationKeywords">
<arg>${heading_registration}</arg>
<kw name="Click Button" library="SeleniumLibrary">
<arg>${btn_submit_create}</arg>
<doc>Clicks the button identified by ``locator``.</doc>
<msg timestamp="20220220 01:16:06.559" level="INFO">Clicking button 'id:SubmitCreate'.</msg>
<status status="PASS" starttime="20220220 01:16:06.558" endtime="20220220 01:16:06.677"/>
</kw>
<kw name="Wait Until Page Contains" library="SeleniumLibrary">
<arg>${heading}</arg>
<doc>Waits until ``text`` appears on the current page.</doc>
<status status="PASS" starttime="20220220 01:16:06.678" endtime="20220220 01:16:06.697"/>
</kw>
<status status="PASS" starttime="20220220 01:16:06.556" endtime="20220220 01:16:06.698"/>
</kw>
<kw name="Sleep" library="BuiltIn">
<arg>2s</arg>
<doc>Pauses the test executed for the given time.</doc>
<msg timestamp="20220220 01:16:08.709" level="INFO">Slept 2 seconds</msg>
<status status="PASS" starttime="20220220 01:16:06.698" endtime="20220220 01:16:08.709"/>
</kw>
<kw name="Data entry for user registration" library="RegistrationKeywords">
<arg>${title}</arg>
<arg>${first_name}</arg>
<arg>${last_name}</arg>
<arg>${password}</arg>
<arg>${dob_day}</arg>
<arg>${dob_month}</arg>
<arg>${dob_year}</arg>
<arg>${company}</arg>
<arg>${address_location}</arg>
<arg>${address_route}</arg>
<arg>${city}</arg>
<arg>${zip}</arg>
<arg>${state}</arg>
<arg>${country}</arg>
<arg>${additional_info}</arg>
<arg>${phone}</arg>
<arg>${mobile}</arg>
<arg>${address_alias}</arg>
<arg>${heading1}</arg>
<arg>${heading2}</arg>
<kw name="Wait Until Page Contains" library="SeleniumLibrary">
<arg>${heading1}</arg>
<doc>Waits until ``text`` appears on the current page.</doc>
<status status="PASS" starttime="20220220 01:16:08.712" endtime="20220220 01:16:10.738"/>
</kw>
<kw name="Wait Until Page Contains" library="SeleniumLibrary">
<arg>${heading2}</arg>
<doc>Waits until ``text`` appears on the current page.</doc>
<status status="PASS" starttime="20220220 01:16:10.739" endtime="20220220 01:16:10.764"/>
</kw>
<if>
<branch type="IF" condition="'${gender}'=='${match}'">
<kw name="Click Element" library="SeleniumLibrary">
<arg>${radio_gender_mr}</arg>
<doc>Click the element identified by ``locator``.</doc>
<msg timestamp="20220220 01:16:10.766" level="INFO">Clicking element 'id:id_gender1'.</msg>
<status status="PASS" starttime="20220220 01:16:10.765" endtime="20220220 01:16:10.849"/>
</kw>
<status status="PASS" starttime="20220220 01:16:10.765" endtime="20220220 01:16:10.849"/>
</branch>
<branch type="ELSE">
<kw name="Click Element" library="SeleniumLibrary">
<arg>${radio_gender_mrs}</arg>
<doc>Click the element identified by ``locator``.</doc>
<status status="NOT RUN" starttime="20220220 01:16:10.849" endtime="20220220 01:16:10.849"/>
</kw>
<status status="NOT RUN" starttime="20220220 01:16:10.849" endtime="20220220 01:16:10.849"/>
</branch>
<status status="PASS" starttime="20220220 01:16:10.764" endtime="20220220 01:16:10.850"/>
</if>
<kw name="Input Text" library="SeleniumLibrary">
<arg>${txt_first_name}</arg>
<arg>${first_name}</arg>
<doc>Types the given ``text`` into the text field identified by ``locator``.</doc>
<msg timestamp="20220220 01:16:10.851" level="INFO">Typing text 'Imran' into text field 'id:customer_firstname'.</msg>
<status status="PASS" starttime="20220220 01:16:10.850" endtime="20220220 01:16:11.021"/>
</kw>
<kw name="Input Text" library="SeleniumLibrary">
<arg>${txt_last_name}</arg>
<arg>${last_name}</arg>
<doc>Types the given ``text`` into the text field identified by ``locator``.</doc>
<msg timestamp="20220220 01:16:11.021" level="INFO">Typing text 'Hossain' into text field 'id:customer_lastname'.</msg>
<status status="PASS" starttime="20220220 01:16:11.021" endtime="20220220 01:16:11.190"/>
</kw>
<kw name="Input Text" library="SeleniumLibrary">
<arg>${txt_password}</arg>
<arg>${password}</arg>
<doc>Types the given ``text`` into the text field identified by ``locator``.</doc>
<msg timestamp="20220220 01:16:11.191" level="INFO">Typing text '12345' into text field 'id:passwd'.</msg>
<status status="PASS" starttime="20220220 01:16:11.190" endtime="20220220 01:16:11.424"/>
</kw>
<kw name="Select From List By Value" library="SeleniumLibrary">
<arg>${select_dob_day}</arg>
<arg>${dob_day}</arg>
<doc>Selects options from selection list ``locator`` by ``values``.</doc>
<msg timestamp="20220220 01:16:11.425" level="INFO">Selecting options from selection list 'id:days' by value 6.</msg>
<status status="PASS" starttime="20220220 01:16:11.424" endtime="20220220 01:16:11.549"/>
</kw>
<kw name="Select From List By Value" library="SeleniumLibrary">
<arg>${select_dob_month}</arg>
<arg>${dob_month}</arg>
<doc>Selects options from selection list ``locator`` by ``values``.</doc>
<msg timestamp="20220220 01:16:11.550" level="INFO">Selecting options from selection list 'id:months' by value 6.</msg>
<status status="PASS" starttime="20220220 01:16:11.549" endtime="20220220 01:16:11.666"/>
</kw>
<kw name="Select From List By Value" library="SeleniumLibrary">
<arg>${select_dob_year}</arg>
<arg>${dob_year}</arg>
<doc>Selects options from selection list ``locator`` by ``values``.</doc>
<msg timestamp="20220220 01:16:11.668" level="INFO">Selecting options from selection list 'id:years' by value 1995.</msg>
<status status="PASS" starttime="20220220 01:16:11.667" endtime="20220220 01:16:11.770"/>
</kw>
<kw name="Input Text" library="SeleniumLibrary">
<arg>${txt_company}</arg>
<arg>${company}</arg>
<doc>Types the given ``text`` into the text field identified by ``locator``.</doc>
<msg timestamp="20220220 01:16:11.772" level="INFO">Typing text 'Brain Station 23' into text field 'id:company'.</msg>
<status status="PASS" starttime="20220220 01:16:11.771" endtime="20220220 01:16:11.957"/>
</kw>
<kw name="Input Text" library="SeleniumLibrary">
<arg>${txt_first_name_addr}</arg>
<arg>${first_name}</arg>
<doc>Types the given ``text`` into the text field identified by ``locator``.</doc>
<msg timestamp="20220220 01:16:11.958" level="INFO">Typing text 'Imran' into text field 'id:firstname'.</msg>
<status status="PASS" starttime="20220220 01:16:11.957" endtime="20220220 01:16:12.117"/>
</kw>
<kw name="Input Text" library="SeleniumLibrary">
<arg>${txt_last_name_addr}</arg>
<arg>${last_name}</arg>
<doc>Types the given ``text`` into the text field identified by ``locator``.</doc>
<msg timestamp="20220220 01:16:12.119" level="INFO">Typing text 'Hossain' into text field 'id:lastname'.</msg>
<status status="PASS" starttime="20220220 01:16:12.118" endtime="20220220 01:16:12.287"/>
</kw>
<kw name="Input Text" library="SeleniumLibrary">
<arg>${txt_address}</arg>
<arg>${addr1}</arg>
<doc>Types the given ``text`` into the text field identified by ``locator``.</doc>
<msg timestamp="20220220 01:16:12.288" level="INFO">Typing text 'S Washington Blvd, Washington, The Pentagon' into text field 'id:address1'.</msg>
<status status="PASS" starttime="20220220 01:16:12.287" endtime="20220220 01:16:12.541"/>
</kw>
<kw name="Input Text" library="SeleniumLibrary">
<arg>${txt_address_route}</arg>
<arg>${addr2}</arg>
<doc>Types the given ``text`` into the text field identified by ``locator``.</doc>
<msg timestamp="20220220 01:16:12.542" level="INFO">Typing text 'Flat: A2, Floor: 2nd' into text field 'id:address2'.</msg>
<status status="PASS" starttime="20220220 01:16:12.541" endtime="20220220 01:16:12.749"/>
</kw>
<kw name="Input Text" library="SeleniumLibrary">
<arg>${txt_city}</arg>
<arg>${city}</arg>
<doc>Types the given ``text`` into the text field identified by ``locator``.</doc>
<msg timestamp="20220220 01:16:12.751" level="INFO">Typing text 'Washington' into text field 'id:city'.</msg>
<status status="PASS" starttime="20220220 01:16:12.750" endtime="20220220 01:16:12.926"/>
</kw>
<kw name="Input Text" library="SeleniumLibrary">
<arg>${txt_postcode}</arg>
<arg>${postcode}</arg>
<doc>Types the given ``text`` into the text field identified by ``locator``.</doc>
<msg timestamp="20220220 01:16:12.927" level="INFO">Typing text '45129' into text field 'id:postcode'.</msg>
<status status="PASS" starttime="20220220 01:16:12.926" endtime="20220220 01:16:13.084"/>
</kw>
<kw name="Select From List By Label" library="SeleniumLibrary">
<arg>${select_state}</arg>
<arg>${state}</arg>
<doc>Selects options from selection list ``locator`` by ``labels``.</doc>
<msg timestamp="20220220 01:16:13.084" level="INFO">Selecting options from selection list 'id:id_state' by label Maryland.</msg>
<status status="PASS" starttime="20220220 01:16:13.084" endtime="20220220 01:16:13.189"/>
</kw>
<kw name="Select From List By Label" library="SeleniumLibrary">
<arg>${select_country}</arg>
<arg>${country}</arg>
<doc>Selects options from selection list ``locator`` by ``labels``.</doc>
<msg timestamp="20220220 01:16:13.191" level="INFO">Selecting options from selection list 'id:id_country' by label United States.</msg>
<status status="PASS" starttime="20220220 01:16:13.190" endtime="20220220 01:16:13.256"/>
</kw>
<kw name="Input Text" library="SeleniumLibrary">
<arg>${txtarea_extra_info}</arg>
<arg>${extra}</arg>
<doc>Types the given ``text`` into the text field identified by ``locator``.</doc>
<msg timestamp="20220220 01:16:13.256" level="INFO">Typing text 'From Bangladesh' into text field 'id:other'.</msg>
<status status="PASS" starttime="20220220 01:16:13.256" endtime="20220220 01:16:13.410"/>
</kw>
<kw name="Input Text" library="SeleniumLibrary">
<arg>${txt_phone}</arg>
<arg>${phone}</arg>
<doc>Types the given ``text`` into the text field identified by ``locator``.</doc>
<msg timestamp="20220220 01:16:13.412" level="INFO">Typing text '(234) 235-5678' into text field 'id:phone'.</msg>
<status status="PASS" starttime="20220220 01:16:13.410" endtime="20220220 01:16:13.610"/>
</kw>
<kw name="Input Text" library="SeleniumLibrary">
<arg>${txt_mobile}</arg>
<arg>${mobile}</arg>
<doc>Types the given ``text`` into the text field identified by ``locator``.</doc>
<msg timestamp="20220220 01:16:13.611" level="INFO">Typing text '(234) 265-5678' into text field 'id:phone_mobile'.</msg>
<status status="PASS" starttime="20220220 01:16:13.611" endtime="20220220 01:16:13.792"/>
</kw>
<kw name="Input Text" library="SeleniumLibrary">
<arg>${txt_alias}</arg>
<arg>${alias}</arg>
<doc>Types the given ``text`` into the text field identified by ``locator``.</doc>
<msg timestamp="20220220 01:16:13.794" level="INFO">Typing text 'Near The Pentagon office' into text field 'id:alias'.</msg>
<status status="PASS" starttime="20220220 01:16:13.792" endtime="20220220 01:16:13.991"/>
</kw>
<status status="PASS" starttime="20220220 01:16:08.709" endtime="20220220 01:16:13.991"/>
</kw>
<kw name="Sleep" library="BuiltIn">
<arg>2s</arg>
<doc>Pauses the test executed for the given time.</doc>
<msg timestamp="20220220 01:16:15.999" level="INFO">Slept 2 seconds</msg>
<status status="PASS" starttime="20220220 01:16:13.992" endtime="20220220 01:16:15.999"/>
</kw>
<kw name="Hit registration button" library="RegistrationKeywords">
<kw name="Click Button" library="SeleniumLibrary">
<arg>${btn_submit_registration}</arg>
<doc>Clicks the button identified by ``locator``.</doc>
<msg timestamp="20220220 01:16:16.001" level="INFO">Clicking button 'id:submitAccount'.</msg>
<status status="PASS" starttime="20220220 01:16:16.000" endtime="20220220 01:16:20.758"/>
</kw>
<status status="PASS" starttime="20220220 01:16:15.999" endtime="20220220 01:16:20.759"/>
</kw>
<kw name="Logout from user portal" library="LoginKeywords">
<kw name="Click Element" library="SeleniumLibrary">
<arg>${nav_sign_out_tag}</arg>
<doc>Click the element identified by ``locator``.</doc>
<msg timestamp="20220220 01:16:20.760" level="INFO">Clicking element 'xpath://*[@id="header"]/div[2]/div/div/nav/div[2]/a'.</msg>
<status status="PASS" starttime="20220220 01:16:20.759" endtime="20220220 01:16:25.112"/>
</kw>
<status status="PASS" starttime="20220220 01:16:20.759" endtime="20220220 01:16:25.113"/>
</kw>
<kw name="Sleep" library="BuiltIn">
<arg>1s</arg>
<doc>Pauses the test executed for the given time.</doc>
<msg timestamp="20220220 01:16:26.123" level="INFO">Slept 1 second</msg>
<status status="PASS" starttime="20220220 01:16:25.114" endtime="20220220 01:16:26.123"/>
</kw>
<status status="PASS" starttime="20220220 01:16:02.759" endtime="20220220 01:16:26.123"/>
</kw>
<tag>p0</tag>
<status status="PASS" starttime="20220220 01:16:02.747" endtime="20220220 01:16:26.125"/>
</test>
<test id="s1-s2-t2" name="TC_MyStore_Signin_02_to_04">
<kw name="Repeating testcases from TC_MyStore_Signin">
<arg>Mrs.</arg>
<arg>Tisha</arg>
<arg>Akter</arg>
<arg>tisha4@sample.com</arg>
<arg>12345</arg>
<arg>7</arg>
<arg>7</arg>
<arg>1997</arg>
<arg>BSRM</arg>
<arg>Memorial Ave, Arlington, VA 22202</arg>
<arg>Flat: B3, Floor: 3rd</arg>
<arg>Washington</arg>
<arg>45129</arg>
<arg>Virginia</arg>
<arg>United States</arg>
<arg>From Bangladesh</arg>
<arg>(234) 235-6678</arg>
<arg>(234) 235-5958</arg>
<arg>Near the Hospital</arg>
<kw name="Go to signin Page" library="LoginKeywords">
<arg>${heading_signin}</arg>
<kw name="Click Link" library="SeleniumLibrary">
<arg>${nav_sign_in_tag}</arg>
<doc>Clicks a link identified by ``locator``.</doc>
<msg timestamp="20220220 01:16:26.135" level="INFO">Clicking link 'xpath://*[@id="header"]/div[2]/div/div/nav/div[1]/a'.</msg>
<status status="PASS" starttime="20220220 01:16:26.134" endtime="20220220 01:16:30.175"/>
</kw>
<kw name="Wait Until Page Contains" library="SeleniumLibrary">
<arg>${key}</arg>
<arg>60s</arg>
<doc>Waits until ``text`` appears on the current page.</doc>
<status status="PASS" starttime="20220220 01:16:30.175" endtime="20220220 01:16:30.195"/>
</kw>
<status status="PASS" starttime="20220220 01:16:26.134" endtime="20220220 01:16:30.195"/>
</kw>
<kw name="Check email validation" library="RegistrationKeywords">
<arg>${email}</arg>
<kw name="Input Text" library="SeleniumLibrary">
<arg>${txt_sign_up_email}</arg>
<arg>${username}</arg>
<doc>Types the given ``text`` into the text field identified by ``locator``.</doc>
<msg timestamp="20220220 01:16:30.199" level="INFO">Typing text 'tisha4@sample.com' into text field 'xpath://*[@id="email_create"]'.</msg>
<status status="PASS" starttime="20220220 01:16:30.198" endtime="20220220 01:16:30.360"/>
</kw>
<kw name="Click Element" library="SeleniumLibrary">
<arg>${lbl_sign_up_email}</arg>
<doc>Click the element identified by ``locator``.</doc>
<msg timestamp="20220220 01:16:30.360" level="INFO">Clicking element 'xpath://*[@id="create-account_form"]/div/div[2]/label'.</msg>
<status status="PASS" starttime="20220220 01:16:30.360" endtime="20220220 01:16:30.449"/>
</kw>
<status status="PASS" starttime="20220220 01:16:30.195" endtime="20220220 01:16:30.451"/>
</kw>
<kw name="Get redirected to main registration from" library="RegistrationKeywords">
<arg>${heading_registration}</arg>
<kw name="Click Button" library="SeleniumLibrary">
<arg>${btn_submit_create}</arg>
<doc>Clicks the button identified by ``locator``.</doc>
<msg timestamp="20220220 01:16:30.452" level="INFO">Clicking button 'id:SubmitCreate'.</msg>
<status status="PASS" starttime="20220220 01:16:30.452" endtime="20220220 01:16:30.545"/>
</kw>
<kw name="Wait Until Page Contains" library="SeleniumLibrary">
<arg>${heading}</arg>
<doc>Waits until ``text`` appears on the current page.</doc>
<status status="PASS" starttime="20220220 01:16:30.545" endtime="20220220 01:16:30.562"/>
</kw>
<status status="PASS" starttime="20220220 01:16:30.451" endtime="20220220 01:16:30.562"/>
</kw>
<kw name="Sleep" library="BuiltIn">
<arg>2s</arg>
<doc>Pauses the test executed for the given time.</doc>
<msg timestamp="20220220 01:16:32.571" level="INFO">Slept 2 seconds</msg>
<status status="PASS" starttime="20220220 01:16:30.562" endtime="20220220 01:16:32.571"/>
</kw>
<kw name="Data entry for user registration" library="RegistrationKeywords">
<arg>${title}</arg>
<arg>${first_name}</arg>
<arg>${last_name}</arg>
<arg>${password}</arg>
<arg>${dob_day}</arg>
<arg>${dob_month}</arg>
<arg>${dob_year}</arg>
<arg>${company}</arg>
<arg>${address_location}</arg>
<arg>${address_route}</arg>
<arg>${city}</arg>
<arg>${zip}</arg>
<arg>${state}</arg>
<arg>${country}</arg>
<arg>${additional_info}</arg>
<arg>${phone}</arg>
<arg>${mobile}</arg>
<arg>${address_alias}</arg>
<arg>${heading1}</arg>
<arg>${heading2}</arg>
<kw name="Wait Until Page Contains" library="SeleniumLibrary">
<arg>${heading1}</arg>
<doc>Waits until ``text`` appears on the current page.</doc>
<status status="PASS" starttime="20220220 01:16:32.572" endtime="20220220 01:16:33.251"/>
</kw>
<kw name="Wait Until Page Contains" library="SeleniumLibrary">
<arg>${heading2}</arg>
<doc>Waits until ``text`` appears on the current page.</doc>
<status status="PASS" starttime="20220220 01:16:33.252" endtime="20220220 01:16:33.278"/>
</kw>
<if>
<branch type="IF" condition="'${gender}'=='${match}'">
<kw name="Click Element" library="SeleniumLibrary">
<arg>${radio_gender_mr}</arg>
<doc>Click the element identified by ``locator``.</doc>
<status status="NOT RUN" starttime="20220220 01:16:33.278" endtime="20220220 01:16:33.278"/>
</kw>
<status status="NOT RUN" starttime="20220220 01:16:33.278" endtime="20220220 01:16:33.279"/>
</branch>
<branch type="ELSE">
<kw name="Click Element" library="SeleniumLibrary">
<arg>${radio_gender_mrs}</arg>
<doc>Click the element identified by ``locator``.</doc>
<msg timestamp="20220220 01:16:33.279" level="INFO">Clicking element 'id:id_gender2'.</msg>
<status status="PASS" starttime="20220220 01:16:33.279" endtime="20220220 01:16:33.355"/>
</kw>
<status status="PASS" starttime="20220220 01:16:33.279" endtime="20220220 01:16:33.355"/>
</branch>
<status status="PASS" starttime="20220220 01:16:33.278" endtime="20220220 01:16:33.355"/>
</if>
<kw name="Input Text" library="SeleniumLibrary">
<arg>${txt_first_name}</arg>
<arg>${first_name}</arg>
<doc>Types the given ``text`` into the text field identified by ``locator``.</doc>
<msg timestamp="20220220 01:16:33.356" level="INFO">Typing text 'Tisha' into text field 'id:customer_firstname'.</msg>
<status status="PASS" starttime="20220220 01:16:33.355" endtime="20220220 01:16:33.498"/>
</kw>
<kw name="Input Text" library="SeleniumLibrary">
<arg>${txt_last_name}</arg>
<arg>${last_name}</arg>
<doc>Types the given ``text`` into the text field identified by ``locator``.</doc>
<msg timestamp="20220220 01:16:33.500" level="INFO">Typing text 'Akter' into text field 'id:customer_lastname'.</msg>
<status status="PASS" starttime="20220220 01:16:33.499" endtime="20220220 01:16:33.714"/>
</kw>
<kw name="Input Text" library="SeleniumLibrary">
<arg>${txt_password}</arg>
<arg>${password}</arg>
<doc>Types the given ``text`` into the text field identified by ``locator``.</doc>
<msg timestamp="20220220 01:16:33.717" level="INFO">Typing text '12345' into text field 'id:passwd'.</msg>
<status status="PASS" starttime="20220220 01:16:33.715" endtime="20220220 01:16:33.852"/>
</kw>
<kw name="Select From List By Value" library="SeleniumLibrary">
<arg>${select_dob_day}</arg>
<arg>${dob_day}</arg>
<doc>Selects options from selection list ``locator`` by ``values``.</doc>
<msg timestamp="20220220 01:16:33.854" level="INFO">Selecting options from selection list 'id:days' by value 7.</msg>
<status status="PASS" starttime="20220220 01:16:33.852" endtime="20220220 01:16:33.956"/>
</kw>
<kw name="Select From List By Value" library="SeleniumLibrary">
<arg>${select_dob_month}</arg>
<arg>${dob_month}</arg>
<doc>Selects options from selection list ``locator`` by ``values``.</doc>
<msg timestamp="20220220 01:16:33.957" level="INFO">Selecting options from selection list 'id:months' by value 7.</msg>
<status status="PASS" starttime="20220220 01:16:33.956" endtime="20220220 01:16:34.060"/>
</kw>
<kw name="Select From List By Value" library="SeleniumLibrary">
<arg>${select_dob_year}</arg>
<arg>${dob_year}</arg>
<doc>Selects options from selection list ``locator`` by ``values``.</doc>
<msg timestamp="20220220 01:16:34.061" level="INFO">Selecting options from selection list 'id:years' by value 1997.</msg>
<status status="PASS" starttime="20220220 01:16:34.061" endtime="20220220 01:16:34.160"/>
</kw>
<kw name="Input Text" library="SeleniumLibrary">
<arg>${txt_company}</arg>
<arg>${company}</arg>
<doc>Types the given ``text`` into the text field identified by ``locator``.</doc>
<msg timestamp="20220220 01:16:34.161" level="INFO">Typing text 'BSRM' into text field 'id:company'.</msg>
<status status="PASS" starttime="20220220 01:16:34.161" endtime="20220220 01:16:34.305"/>
</kw>
<kw name="Input Text" library="SeleniumLibrary">
<arg>${txt_first_name_addr}</arg>
<arg>${first_name}</arg>
<doc>Types the given ``text`` into the text field identified by ``locator``.</doc>
<msg timestamp="20220220 01:16:34.306" level="INFO">Typing text 'Tisha' into text field 'id:firstname'.</msg>
<status status="PASS" starttime="20220220 01:16:34.305" endtime="20220220 01:16:34.472"/>
</kw>
<kw name="Input Text" library="SeleniumLibrary">
<arg>${txt_last_name_addr}</arg>
<arg>${last_name}</arg>
<doc>Types the given ``text`` into the text field identified by ``locator``.</doc>
<msg timestamp="20220220 01:16:34.473" level="INFO">Typing text 'Akter' into text field 'id:lastname'.</msg>
<status status="PASS" starttime="20220220 01:16:34.472" endtime="20220220 01:16:34.607"/>
</kw>
<kw name="Input Text" library="SeleniumLibrary">
<arg>${txt_address}</arg>
<arg>${addr1}</arg>
<doc>Types the given ``text`` into the text field identified by ``locator``.</doc>
<msg timestamp="20220220 01:16:34.607" level="INFO">Typing text 'Memorial Ave, Arlington, VA 22202' into text field 'id:address1'.</msg>
<status status="PASS" starttime="20220220 01:16:34.607" endtime="20220220 01:16:34.813"/>
</kw>
<kw name="Input Text" library="SeleniumLibrary">
<arg>${txt_address_route}</arg>
<arg>${addr2}</arg>
<doc>Types the given ``text`` into the text field identified by ``locator``.</doc>
<msg timestamp="20220220 01:16:34.814" level="INFO">Typing text 'Flat: B3, Floor: 3rd' into text field 'id:address2'.</msg>
<status status="PASS" starttime="20220220 01:16:34.813" endtime="20220220 01:16:34.984"/>
</kw>
<kw name="Input Text" library="SeleniumLibrary">
<arg>${txt_city}</arg>
<arg>${city}</arg>
<doc>Types the given ``text`` into the text field identified by ``locator``.</doc>
<msg timestamp="20220220 01:16:34.985" level="INFO">Typing text 'Washington' into text field 'id:city'.</msg>
<status status="PASS" starttime="20220220 01:16:34.984" endtime="20220220 01:16:35.133"/>
</kw>
<kw name="Input Text" library="SeleniumLibrary">
<arg>${txt_postcode}</arg>
<arg>${postcode}</arg>
<doc>Types the given ``text`` into the text field identified by ``locator``.</doc>
<msg timestamp="20220220 01:16:35.135" level="INFO">Typing text '45129' into text field 'id:postcode'.</msg>
<status status="PASS" starttime="20220220 01:16:35.134" endtime="20220220 01:16:35.282"/>
</kw>
<kw name="Select From List By Label" library="SeleniumLibrary">
<arg>${select_state}</arg>
<arg>${state}</arg>
<doc>Selects options from selection list ``locator`` by ``labels``.</doc>
<msg timestamp="20220220 01:16:35.283" level="INFO">Selecting options from selection list 'id:id_state' by label Virginia.</msg>
<status status="PASS" starttime="20220220 01:16:35.282" endtime="20220220 01:16:35.391"/>
</kw>
<kw name="Select From List By Label" library="SeleniumLibrary">
<arg>${select_country}</arg>
<arg>${country}</arg>
<doc>Selects options from selection list ``locator`` by ``labels``.</doc>
<msg timestamp="20220220 01:16:35.392" level="INFO">Selecting options from selection list 'id:id_country' by label United States.</msg>
<status status="PASS" starttime="20220220 01:16:35.391" endtime="20220220 01:16:35.448"/>
</kw>
<kw name="Input Text" library="SeleniumLibrary">
<arg>${txtarea_extra_info}</arg>
<arg>${extra}</arg>
<doc>Types the given ``text`` into the text field identified by ``locator``.</doc>
<msg timestamp="20220220 01:16:35.449" level="INFO">Typing text 'From Bangladesh' into text field 'id:other'.</msg>
<status status="PASS" starttime="20220220 01:16:35.448" endtime="20220220 01:16:35.586"/>
</kw>
<kw name="Input Text" library="SeleniumLibrary">
<arg>${txt_phone}</arg>
<arg>${phone}</arg>
<doc>Types the given ``text`` into the text field identified by ``locator``.</doc>
<msg timestamp="20220220 01:16:35.587" level="INFO">Typing text '(234) 235-6678' into text field 'id:phone'.</msg>
<status status="PASS" starttime="20220220 01:16:35.586" endtime="20220220 01:16:35.751"/>
</kw>
<kw name="Input Text" library="SeleniumLibrary">
<arg>${txt_mobile}</arg>
<arg>${mobile}</arg>
<doc>Types the given ``text`` into the text field identified by ``locator``.</doc>
<msg timestamp="20220220 01:16:35.753" level="INFO">Typing text '(234) 235-5958' into text field 'id:phone_mobile'.</msg>
<status status="PASS" starttime="20220220 01:16:35.751" endtime="20220220 01:16:35.944"/>
</kw>
<kw name="Input Text" library="SeleniumLibrary">
<arg>${txt_alias}</arg>
<arg>${alias}</arg>
<doc>Types the given ``text`` into the text field identified by ``locator``.</doc>
<msg timestamp="20220220 01:16:35.944" level="INFO">Typing text 'Near the Hospital' into text field 'id:alias'.</msg>
<status status="PASS" starttime="20220220 01:16:35.944" endtime="20220220 01:16:36.108"/>
</kw>
<status status="PASS" starttime="20220220 01:16:32.571" endtime="20220220 01:16:36.109"/>
</kw>
<kw name="Sleep" library="BuiltIn">
<arg>2s</arg>
<doc>Pauses the test executed for the given time.</doc>
<msg timestamp="20220220 01:16:38.111" level="INFO">Slept 2 seconds</msg>
<status status="PASS" starttime="20220220 01:16:36.109" endtime="20220220 01:16:38.111"/>
</kw>
<kw name="Hit registration button" library="RegistrationKeywords">
<kw name="Click Button" library="SeleniumLibrary">
<arg>${btn_submit_registration}</arg>
<doc>Clicks the button identified by ``locator``.</doc>
<msg timestamp="20220220 01:16:38.114" level="INFO">Clicking button 'id:submitAccount'.</msg>
<status status="PASS" starttime="20220220 01:16:38.113" endtime="20220220 01:16:40.381"/>
</kw>
<status status="PASS" starttime="20220220 01:16:38.112" endtime="20220220 01:16:40.382"/>
</kw>
<kw name="Logout from user portal" library="LoginKeywords">
<kw name="Click Element" library="SeleniumLibrary">
<arg>${nav_sign_out_tag}</arg>
<doc>Click the element identified by ``locator``.</doc>
<msg timestamp="20220220 01:16:40.384" level="INFO">Clicking element 'xpath://*[@id="header"]/div[2]/div/div/nav/div[2]/a'.</msg>
<status status="PASS" starttime="20220220 01:16:40.383" endtime="20220220 01:16:42.734"/>
</kw>
<status status="PASS" starttime="20220220 01:16:40.382" endtime="20220220 01:16:42.734"/>
</kw>
<kw name="Sleep" library="BuiltIn">
<arg>1s</arg>
<doc>Pauses the test executed for the given time.</doc>
<msg timestamp="20220220 01:16:43.750" level="INFO">Slept 1 second</msg>
<status status="PASS" starttime="20220220 01:16:42.735" endtime="20220220 01:16:43.751"/>
</kw>
<status status="PASS" starttime="20220220 01:16:26.133" endtime="20220220 01:16:43.752"/>
</kw>
<tag>p0</tag>
<status status="PASS" starttime="20220220 01:16:26.129" endtime="20220220 01:16:43.754"/>
</test>
<kw name="Close Browser" library="BaseKeywords" type="TEARDOWN">
<kw name="Close All Browsers" library="SeleniumLibrary">
<doc>Closes all open browsers and resets the browser cache.</doc>
<status status="PASS" starttime="20220220 01:16:43.762" endtime="20220220 01:16:46.525"/>
</kw>
<status status="PASS" starttime="20220220 01:16:43.761" endtime="20220220 01:16:46.526"/>
</kw>
<doc>Check the functionality of Sign in page including createing new account</doc>
<status status="PASS" starttime="20220220 01:15:49.294" endtime="20220220 01:16:46.526"/>
</suite>
<suite id="s1-s3" name="TS MyStore 003" source="C:\MyProperty\SQA-Automation-Task-2022-BrainStation23\TestCases\TS_MyStore_003.robot">
<kw name="Open and visit website" library="BaseKeywords" type="SETUP">
<arg>${link}</arg>
<arg>${browser}</arg>
<kw name="Open Browser" library="SeleniumLibrary">
<arg>${url}</arg>
<arg>${driver}</arg>
<doc>Opens a new browser instance to the optional ``url``.</doc>
<msg timestamp="20220220 01:16:46.626" level="INFO">Opening browser 'chrome' to base url 'http://automationpractice.com/index.php'.</msg>
<status status="PASS" starttime="20220220 01:16:46.626" endtime="20220220 01:16:57.570"/>
</kw>
<kw name="Maximize Browser Window" library="SeleniumLibrary">
<doc>Maximizes current browser window.</doc>
<status status="PASS" starttime="20220220 01:16:57.571" endtime="20220220 01:16:57.724"/>
</kw>
<status status="PASS" starttime="20220220 01:16:46.625" endtime="20220220 01:16:57.725"/>
</kw>
<test id="s1-s3-t1" name="TC_MyStore_01_to_08">
<kw name="Repeating testcases from TS_MyStore_003">
<arg>imran4@sample.com</arg>
<arg>12345</arg>
<kw name="Set Selenium Speed" library="SeleniumLibrary">
<arg>1s</arg>
<doc>Sets the delay that is waited after each Selenium command.</doc>
<status status="PASS" starttime="20220220 01:16:57.739" endtime="20220220 01:16:57.740"/>
</kw>
<kw name="Go to signin Page" library="LoginKeywords">
<arg>${heading}</arg>
<kw name="Click Link" library="SeleniumLibrary">
<arg>${nav_sign_in_tag}</arg>
<doc>Clicks a link identified by ``locator``.</doc>
<msg timestamp="20220220 01:16:57.744" level="INFO">Clicking link 'xpath://*[@id="header"]/div[2]/div/div/nav/div[1]/a'.</msg>
<status status="PASS" starttime="20220220 01:16:57.742" endtime="20220220 01:17:04.293"/>
</kw>
<kw name="Wait Until Page Contains" library="SeleniumLibrary">
<arg>${key}</arg>
<arg>60s</arg>
<doc>Waits until ``text`` appears on the current page.</doc>
<status status="PASS" starttime="20220220 01:17:04.293" endtime="20220220 01:17:05.330"/>
</kw>
<status status="PASS" starttime="20220220 01:16:57.741" endtime="20220220 01:17:05.330"/>
</kw>
<kw name="Login to user portal" library="LoginKeywords">
<arg>${username}</arg>
<arg>${password}</arg>
<kw name="Input Text" library="SeleniumLibrary">
<arg>${txt_log_in_email}</arg>
<arg>${username}</arg>
<doc>Types the given ``text`` into the text field identified by ``locator``.</doc>
<msg timestamp="20220220 01:17:05.331" level="INFO">Typing text 'imran4@sample.com' into text field 'id:email'.</msg>
<status status="PASS" starttime="20220220 01:17:05.331" endtime="20220220 01:17:08.510"/>
</kw>
<kw name="Input Text" library="SeleniumLibrary">
<arg>${txt_password}</arg>
<arg>${password}</arg>
<doc>Types the given ``text`` into the text field identified by ``locator``.</doc>
<msg timestamp="20220220 01:17:08.512" level="INFO">Typing text '12345' into text field 'id:passwd'.</msg>
<status status="PASS" starttime="20220220 01:17:08.511" endtime="20220220 01:17:11.702"/>
</kw>
<kw name="Sleep" library="BuiltIn">
<arg>1s</arg>
<doc>Pauses the test executed for the given time.</doc>
<msg timestamp="20220220 01:17:12.719" level="INFO">Slept 1 second</msg>
<status status="PASS" starttime="20220220 01:17:11.703" endtime="20220220 01:17:12.720"/>
</kw>
<kw name="Click Button" library="SeleniumLibrary">
<arg>${btn_submit_login}</arg>
<doc>Clicks the button identified by ``locator``.</doc>
<msg timestamp="20220220 01:17:12.721" level="INFO">Clicking button 'id:SubmitLogin'.</msg>
<status status="PASS" starttime="20220220 01:17:12.720" endtime="20220220 01:17:19.807"/>
</kw>
<status status="PASS" starttime="20220220 01:17:05.330" endtime="20220220 01:17:19.807"/>
</kw>
<kw name="Visit Casual Dresses category" library="ShoppingKeywords">
<kw name="Mouse Over" library="SeleniumLibrary">
<arg>${dresses_tag}</arg>
<doc>Simulates hovering the mouse over the element ``locator``.</doc>
<msg timestamp="20220220 01:17:19.808" level="INFO">Simulating Mouse Over on element 'xpath://*[@id="block_top_menu"]/ul/li[2]/a'.</msg>
<status status="PASS" starttime="20220220 01:17:19.807" endtime="20220220 01:17:22.115"/>
</kw>
<kw name="Click Element" library="SeleniumLibrary">
<arg>${casual_dresses_tag}</arg>
<doc>Click the element identified by ``locator``.</doc>
<msg timestamp="20220220 01:17:22.116" level="INFO">Clicking element 'xpath://*[@id="block_top_menu"]/ul/li[2]/ul/li[1]/a'.</msg>
<status status="PASS" starttime="20220220 01:17:22.115" endtime="20220220 01:17:27.545"/>
</kw>
<kw name="Sleep" library="BuiltIn">
<arg>5s</arg>
<doc>Pauses the test executed for the given time.</doc>
<msg timestamp="20220220 01:17:32.556" level="INFO">Slept 5 seconds</msg>
<status status="PASS" starttime="20220220 01:17:27.546" endtime="20220220 01:17:32.556"/>
</kw>
<kw name="Get first item of the list" library="ShoppingKeywords">
<kw name="Click Element" library="SeleniumLibrary">
<arg>${first_item}</arg>
<doc>Click the element identified by ``locator``.</doc>
<msg timestamp="20220220 01:17:32.558" level="INFO">Clicking element 'xpath://*[@id="center_column"]/ul/li'.</msg>
<status status="PASS" starttime="20220220 01:17:32.557" endtime="20220220 01:17:34.689"/>
</kw>
<kw name="Sleep" library="BuiltIn">
<arg>5s</arg>
<doc>Pauses the test executed for the given time.</doc>
<msg timestamp="20220220 01:17:39.701" level="INFO">Slept 5 seconds</msg>
<status status="PASS" starttime="20220220 01:17:34.690" endtime="20220220 01:17:39.701"/>
</kw>
<kw name="Click Element" library="SeleniumLibrary">
<arg>${item_details_tag}</arg>
<doc>Click the element identified by ``locator``.</doc>
<msg timestamp="20220220 01:17:39.703" level="INFO">Clicking element 'xpath://*[@id="center_column"]/ul/li/div/div[2]/div[2]/a[2]'.</msg>
<status status="PASS" starttime="20220220 01:17:39.702" endtime="20220220 01:17:44.935"/>
</kw>
<kw name="Sleep" library="BuiltIn">
<arg>5s</arg>
<doc>Pauses the test executed for the given time.</doc>
<msg timestamp="20220220 01:17:49.944" level="INFO">Slept 5 seconds</msg>
<status status="PASS" starttime="20220220 01:17:44.936" endtime="20220220 01:17:49.944"/>
</kw>
<status status="PASS" starttime="20220220 01:17:32.556" endtime="20220220 01:17:49.944"/>
</kw>
<status status="PASS" starttime="20220220 01:17:19.807" endtime="20220220 01:17:49.945"/>
</kw>
<kw name="Add one item to cart from Casual Dresses Section" library="ShoppingKeywords">
<kw name="Add to cart and continue" library="ShoppingKeywords">
<kw name="Click Button" library="SeleniumLibrary">
<arg>${btn_add_cart}</arg>
<doc>Clicks the button identified by ``locator``.</doc>
<msg timestamp="20220220 01:17:49.946" level="INFO">Clicking button 'xpath://*[@id="add_to_cart"]/button'.</msg>
<status status="PASS" starttime="20220220 01:17:49.946" endtime="20220220 01:17:55.140"/>
</kw>
<kw name="Sleep" library="BuiltIn">
<arg>2s</arg>
<doc>Pauses the test executed for the given time.</doc>
<msg timestamp="20220220 01:17:57.148" level="INFO">Slept 2 seconds</msg>
<status status="PASS" starttime="20220220 01:17:55.141" endtime="20220220 01:17:57.148"/>
</kw>
<kw name="Click Element" library="SeleniumLibrary">
<arg>${btn_continue}</arg>
<doc>Click the element identified by ``locator``.</doc>
<msg timestamp="20220220 01:17:57.151" level="INFO">Clicking element 'xpath://*[@id="layer_cart"]/div[1]/div[2]/div[4]/span/span'.</msg>
<status status="PASS" starttime="20220220 01:17:57.148" endtime="20220220 01:17:59.256"/>
</kw>
<status status="PASS" starttime="20220220 01:17:49.945" endtime="20220220 01:17:59.257"/>
</kw>
<status status="PASS" starttime="20220220 01:17:49.945" endtime="20220220 01:17:59.257"/>
</kw>
<kw name="Visit T-shirt section from Navigation Bar" library="ShoppingKeywords">
<kw name="Click Element" library="SeleniumLibrary">
<arg>${t_shirts_tag}</arg>
<doc>Click the element identified by ``locator``.</doc>
<msg timestamp="20220220 01:17:59.260" level="INFO">Clicking element 'xpath://*[@id="block_top_menu"]/ul/li[3]/a'.</msg>
<status status="PASS" starttime="20220220 01:17:59.259" endtime="20220220 01:18:05.749"/>
</kw>
<kw name="Sleep" library="BuiltIn">
<arg>5s</arg>
<doc>Pauses the test executed for the given time.</doc>
<msg timestamp="20220220 01:18:10.760" level="INFO">Slept 5 seconds</msg>
<status status="PASS" starttime="20220220 01:18:05.750" endtime="20220220 01:18:10.760"/>
</kw>
<kw name="Get first item of the list" library="ShoppingKeywords">
<kw name="Click Element" library="SeleniumLibrary">
<arg>${first_item}</arg>
<doc>Click the element identified by ``locator``.</doc>
<msg timestamp="20220220 01:18:10.762" level="INFO">Clicking element 'xpath://*[@id="center_column"]/ul/li'.</msg>
<status status="PASS" starttime="20220220 01:18:10.761" endtime="20220220 01:18:12.889"/>
</kw>
<kw name="Sleep" library="BuiltIn">
<arg>5s</arg>
<doc>Pauses the test executed for the given time.</doc>
<msg timestamp="20220220 01:18:17.892" level="INFO">Slept 5 seconds</msg>
<status status="PASS" starttime="20220220 01:18:12.889" endtime="20220220 01:18:17.892"/>
</kw>
<kw name="Click Element" library="SeleniumLibrary">
<arg>${item_details_tag}</arg>
<doc>Click the element identified by ``locator``.</doc>
<msg timestamp="20220220 01:18:17.893" level="INFO">Clicking element 'xpath://*[@id="center_column"]/ul/li/div/div[2]/div[2]/a[2]'.</msg>
<status status="PASS" starttime="20220220 01:18:17.892" endtime="20220220 01:18:23.689"/>
</kw>
<kw name="Sleep" library="BuiltIn">
<arg>5s</arg>
<doc>Pauses the test executed for the given time.</doc>
<msg timestamp="20220220 01:18:28.705" level="INFO">Slept 5 seconds</msg>
<status status="PASS" starttime="20220220 01:18:23.689" endtime="20220220 01:18:28.705"/>
</kw>
<status status="PASS" starttime="20220220 01:18:10.761" endtime="20220220 01:18:28.706"/>
</kw>
<status status="PASS" starttime="20220220 01:17:59.258" endtime="20220220 01:18:28.707"/>
</kw>
<kw name="Filter the list with blue color from T-shirt section" library="ShoppingKeywords">
<kw name="Click Element" library="SeleniumLibrary">
<arg>${color_blue_tag}</arg>
<doc>Click the element identified by ``locator``.</doc>
<msg timestamp="20220220 01:18:28.709" level="INFO">Clicking element 'name:Blue'.</msg>
<status status="PASS" starttime="20220220 01:18:28.708" endtime="20220220 01:18:30.851"/>
</kw>
<kw name="Sleep" library="BuiltIn">
<arg>1s</arg>
<doc>Pauses the test executed for the given time.</doc>
<msg timestamp="20220220 01:18:31.855" level="INFO">Slept 1 second</msg>
<status status="PASS" starttime="20220220 01:18:30.851" endtime="20220220 01:18:31.856"/>
</kw>
<status status="PASS" starttime="20220220 01:18:28.707" endtime="20220220 01:18:31.856"/>
</kw>
<kw name="Add a shirt from the filtered list" library="ShoppingKeywords">
<kw name="Add to cart and checkout" library="ShoppingKeywords">
<kw name="Click Button" library="SeleniumLibrary">
<arg>${btn_add_cart}</arg>
<doc>Clicks the button identified by ``locator``.</doc>
<msg timestamp="20220220 01:18:31.860" level="INFO">Clicking button 'xpath://*[@id="add_to_cart"]/button'.</msg>
<status status="PASS" starttime="20220220 01:18:31.859" endtime="20220220 01:18:37.023"/>
</kw>
<kw name="Sleep" library="BuiltIn">
<arg>2s</arg>
<doc>Pauses the test executed for the given time.</doc>
<msg timestamp="20220220 01:18:39.029" level="INFO">Slept 2 seconds</msg>
<status status="PASS" starttime="20220220 01:18:37.024" endtime="20220220 01:18:39.030"/>
</kw>
<kw name="Click Element" library="SeleniumLibrary">
<arg>${btn_proceed_checkout}</arg>
<doc>Click the element identified by ``locator``.</doc>
<msg timestamp="20220220 01:18:39.032" level="INFO">Clicking element 'xpath://*[@id="layer_cart"]/div[1]/div[2]/div[4]/a'.</msg>
<status status="PASS" starttime="20220220 01:18:39.030" endtime="20220220 01:18:43.214"/>
</kw>
<status status="PASS" starttime="20220220 01:18:31.858" endtime="20220220 01:18:43.214"/>
</kw>
<status status="PASS" starttime="20220220 01:18:31.857" endtime="20220220 01:18:43.215"/>
</kw>
<kw name="Checkout with two different products and select payment process" library="CheckoutKeywords">
<kw name="Checkout Summary" library="CheckoutKeywords">
<kw name="Wait Until Page Contains" library="SeleniumLibrary">
<arg>${checkout_summary_header}</arg>
<doc>Waits until ``text`` appears on the current page.</doc>
<status status="PASS" starttime="20220220 01:18:43.217" endtime="20220220 01:18:44.235"/>
</kw>
<kw name="Click Element" library="SeleniumLibrary">
<arg>${btn_checkout_to_address}</arg>
<doc>Click the element identified by ``locator``.</doc>
<msg timestamp="20220220 01:18:44.237" level="INFO">Clicking element 'xpath://*[@id="center_column"]/p[2]/a[1]'.</msg>
<status status="PASS" starttime="20220220 01:18:44.236" endtime="20220220 01:18:48.141"/>
</kw>
<status status="PASS" starttime="20220220 01:18:43.216" endtime="20220220 01:18:48.141"/>
</kw>
<kw name="Checkout Address" library="CheckoutKeywords">
<kw name="Wait Until Page Contains" library="SeleniumLibrary">
<arg>${checkout_address_header}</arg>
<doc>Waits until ``text`` appears on the current page.</doc>
<status status="PASS" starttime="20220220 01:18:48.142" endtime="20220220 01:18:49.164"/>
</kw>
<kw name="Click Button" library="SeleniumLibrary">
<arg>${btn_checkout_to_shipping}</arg>
<doc>Clicks the button identified by ``locator``.</doc>
<msg timestamp="20220220 01:18:49.166" level="INFO">Clicking button 'xpath://*[@id="center_column"]/form/p/button'.</msg>
<status status="PASS" starttime="20220220 01:18:49.165" endtime="20220220 01:18:56.546"/>
</kw>
<status status="PASS" starttime="20220220 01:18:48.141" endtime="20220220 01:18:56.546"/>
</kw>
<kw name="Checkout Shipping" library="CheckoutKeywords">
<kw name="Wait Until Page Contains" library="SeleniumLibrary">
<arg>${checkout_shipping_header}</arg>
<doc>Waits until ``text`` appears on the current page.</doc>
<status status="PASS" starttime="20220220 01:18:56.547" endtime="20220220 01:18:57.581"/>
</kw>
<kw name="Click Element" library="SeleniumLibrary">
<arg>${check_terms}</arg>
<doc>Click the element identified by ``locator``.</doc>
<msg timestamp="20220220 01:18:57.582" level="INFO">Clicking element 'id:cgv'.</msg>
<status status="PASS" starttime="20220220 01:18:57.582" endtime="20220220 01:18:59.707"/>
</kw>
<kw name="Click Button" library="SeleniumLibrary">
<arg>${btn_checkout_to_payment}</arg>
<doc>Clicks the button identified by ``locator``.</doc>
<msg timestamp="20220220 01:18:59.708" level="INFO">Clicking button 'xpath://*[@id="form"]/p/button'.</msg>
<status status="PASS" starttime="20220220 01:18:59.707" endtime="20220220 01:19:07.340"/>
</kw>
<status status="PASS" starttime="20220220 01:18:56.547" endtime="20220220 01:19:07.340"/>
</kw>
<kw name="Checkout Payment" library="CheckoutKeywords">
<kw name="Wait Until Page Contains" library="SeleniumLibrary">
<arg>${checkout_payment_header}</arg>
<doc>Waits until ``text`` appears on the current page.</doc>
<status status="PASS" starttime="20220220 01:19:07.342" endtime="20220220 01:19:08.384"/>
</kw>
<kw name="Click Element" library="SeleniumLibrary">
<arg>${btn_by_check}</arg>
<doc>Click the element identified by ``locator``.</doc>
<msg timestamp="20220220 01:19:08.386" level="INFO">Clicking element 'xpath://*[@id="HOOK_PAYMENT"]/div[2]/div/p/a'.</msg>
<status status="PASS" starttime="20220220 01:19:08.384" endtime="20220220 01:19:13.102"/>
</kw>
<status status="PASS" starttime="20220220 01:19:07.341" endtime="20220220 01:19:13.103"/>
</kw>
<kw name="Wait Until Page Contains" library="SeleniumLibrary">
<arg>${checkout_final_header}</arg>
<doc>Waits until ``text`` appears on the current page.</doc>
<status status="PASS" starttime="20220220 01:19:13.103" endtime="20220220 01:19:14.133"/>
</kw>
<kw name="Sleep" library="BuiltIn">
<arg>5s</arg>
<doc>Pauses the test executed for the given time.</doc>
<msg timestamp="20220220 01:19:19.140" level="INFO">Slept 5 seconds</msg>
<status status="PASS" starttime="20220220 01:19:14.133" endtime="20220220 01:19:19.141"/>
</kw>
<status status="PASS" starttime="20220220 01:18:43.215" endtime="20220220 01:19:19.142"/>
</kw>
<kw name="Sleep" library="BuiltIn">
<arg>1s</arg>
<doc>Pauses the test executed for the given time.</doc>
<msg timestamp="20220220 01:19:20.154" level="INFO">Slept 1 second</msg>
<status status="PASS" starttime="20220220 01:19:19.142" endtime="20220220 01:19:20.155"/>
</kw>
<kw name="Logout from user portal" library="LoginKeywords">
<kw name="Click Element" library="SeleniumLibrary">
<arg>${nav_sign_out_tag}</arg>
<doc>Click the element identified by ``locator``.</doc>
<msg timestamp="20220220 01:19:20.157" level="INFO">Clicking element 'xpath://*[@id="header"]/div[2]/div/div/nav/div[2]/a'.</msg>
<status status="PASS" starttime="20220220 01:19:20.156" endtime="20220220 01:19:24.249"/>
</kw>
<status status="PASS" starttime="20220220 01:19:20.155" endtime="20220220 01:19:24.250"/>
</kw>
<kw name="Sleep" library="BuiltIn">
<arg>1s</arg>
<doc>Pauses the test executed for the given time.</doc>
<msg timestamp="20220220 01:19:25.265" level="INFO">Slept 1 second</msg>
<status status="PASS" starttime="20220220 01:19:24.250" endtime="20220220 01:19:25.266"/>
</kw>
<status status="PASS" starttime="20220220 01:16:57.737" endtime="20220220 01:19:25.267"/>
</kw>
<status status="PASS" starttime="20220220 01:16:57.725" endtime="20220220 01:19:25.269"/>
</test>
<test id="s1-s3-t2" name="TC_MyStore_01_to_08">
<kw name="Repeating testcases from TS_MyStore_003">
<arg>tisha4@sample.com</arg>
<arg>12345</arg>
<kw name="Set Selenium Speed" library="SeleniumLibrary">
<arg>1s</arg>
<doc>Sets the delay that is waited after each Selenium command.</doc>
<status status="PASS" starttime="20220220 01:19:25.290" endtime="20220220 01:19:25.290"/>
</kw>
<kw name="Go to signin Page" library="LoginKeywords">
<arg>${heading}</arg>
<kw name="Click Link" library="SeleniumLibrary">
<arg>${nav_sign_in_tag}</arg>
<doc>Clicks a link identified by ``locator``.</doc>
<msg timestamp="20220220 01:19:25.292" level="INFO">Clicking link 'xpath://*[@id="header"]/div[2]/div/div/nav/div[1]/a'.</msg>
<status status="PASS" starttime="20220220 01:19:25.291" endtime="20220220 01:19:30.865"/>
</kw>
<kw name="Wait Until Page Contains" library="SeleniumLibrary">
<arg>${key}</arg>
<arg>60s</arg>
<doc>Waits until ``text`` appears on the current page.</doc>
<status status="PASS" starttime="20220220 01:19:30.866" endtime="20220220 01:19:31.928"/>
</kw>
<status status="PASS" starttime="20220220 01:19:25.291" endtime="20220220 01:19:31.929"/>
</kw>
<kw name="Login to user portal" library="LoginKeywords">
<arg>${username}</arg>
<arg>${password}</arg>
<kw name="Input Text" library="SeleniumLibrary">
<arg>${txt_log_in_email}</arg>
<arg>${username}</arg>
<doc>Types the given ``text`` into the text field identified by ``locator``.</doc>
<msg timestamp="20220220 01:19:31.932" level="INFO">Typing text 'tisha4@sample.com' into text field 'id:email'.</msg>
<status status="PASS" starttime="20220220 01:19:31.931" endtime="20220220 01:19:35.122"/>
</kw>
<kw name="Input Text" library="SeleniumLibrary">
<arg>${txt_password}</arg>
<arg>${password}</arg>
<doc>Types the given ``text`` into the text field identified by ``locator``.</doc>
<msg timestamp="20220220 01:19:35.124" level="INFO">Typing text '12345' into text field 'id:passwd'.</msg>
<status status="PASS" starttime="20220220 01:19:35.122" endtime="20220220 01:19:38.304"/>
</kw>
<kw name="Sleep" library="BuiltIn">
<arg>1s</arg>
<doc>Pauses the test executed for the given time.</doc>
<msg timestamp="20220220 01:19:39.317" level="INFO">Slept 1 second</msg>
<status status="PASS" starttime="20220220 01:19:38.304" endtime="20220220 01:19:39.317"/>
</kw>
<kw name="Click Button" library="SeleniumLibrary">
<arg>${btn_submit_login}</arg>
<doc>Clicks the button identified by ``locator``.</doc>
<msg timestamp="20220220 01:19:39.320" level="INFO">Clicking button 'id:SubmitLogin'.</msg>
<status status="PASS" starttime="20220220 01:19:39.318" endtime="20220220 01:19:48.315"/>
</kw>
<status status="PASS" starttime="20220220 01:19:31.929" endtime="20220220 01:19:48.316"/>
</kw>
<kw name="Visit Casual Dresses category" library="ShoppingKeywords">
<kw name="Mouse Over" library="SeleniumLibrary">
<arg>${dresses_tag}</arg>
<doc>Simulates hovering the mouse over the element ``locator``.</doc>
<msg timestamp="20220220 01:19:48.319" level="INFO">Simulating Mouse Over on element 'xpath://*[@id="block_top_menu"]/ul/li[2]/a'.</msg>
<status status="PASS" starttime="20220220 01:19:48.318" endtime="20220220 01:19:50.647"/>
</kw>
<kw name="Click Element" library="SeleniumLibrary">
<arg>${casual_dresses_tag}</arg>
<doc>Click the element identified by ``locator``.</doc>
<msg timestamp="20220220 01:19:50.649" level="INFO">Clicking element 'xpath://*[@id="block_top_menu"]/ul/li[2]/ul/li[1]/a'.</msg>
<status status="PASS" starttime="20220220 01:19:50.648" endtime="20220220 01:19:54.864"/>
</kw>
<kw name="Sleep" library="BuiltIn">
<arg>5s</arg>
<doc>Pauses the test executed for the given time.</doc>
<msg timestamp="20220220 01:19:59.879" level="INFO">Slept 5 seconds</msg>
<status status="PASS" starttime="20220220 01:19:54.864" endtime="20220220 01:19:59.879"/>
</kw>
<kw name="Get first item of the list" library="ShoppingKeywords">
<kw name="Click Element" library="SeleniumLibrary">
<arg>${first_item}</arg>
<doc>Click the element identified by ``locator``.</doc>
<msg timestamp="20220220 01:19:59.882" level="INFO">Clicking element 'xpath://*[@id="center_column"]/ul/li'.</msg>
<status status="PASS" starttime="20220220 01:19:59.881" endtime="20220220 01:20:02.010"/>
</kw>
<kw name="Sleep" library="BuiltIn">
<arg>5s</arg>
<doc>Pauses the test executed for the given time.</doc>
<msg timestamp="20220220 01:20:07.012" level="INFO">Slept 5 seconds</msg>
<status status="PASS" starttime="20220220 01:20:02.010" endtime="20220220 01:20:07.012"/>
</kw>
<kw name="Click Element" library="SeleniumLibrary">
<arg>${item_details_tag}</arg>
<doc>Click the element identified by ``locator``.</doc>
<msg timestamp="20220220 01:20:07.013" level="INFO">Clicking element 'xpath://*[@id="center_column"]/ul/li/div/div[2]/div[2]/a[2]'.</msg>
<status status="PASS" starttime="20220220 01:20:07.013" endtime="20220220 01:20:10.916"/>
</kw>
<kw name="Sleep" library="BuiltIn">
<arg>5s</arg>
<doc>Pauses the test executed for the given time.</doc>
<msg timestamp="20220220 01:20:15.920" level="INFO">Slept 5 seconds</msg>
<status status="PASS" starttime="20220220 01:20:10.917" endtime="20220220 01:20:15.920"/>
</kw>
<status status="PASS" starttime="20220220 01:19:59.880" endtime="20220220 01:20:15.921"/>
</kw>
<status status="PASS" starttime="20220220 01:19:48.317" endtime="20220220 01:20:15.921"/>
</kw>
<kw name="Add one item to cart from Casual Dresses Section" library="ShoppingKeywords">
<kw name="Add to cart and continue" library="ShoppingKeywords">
<kw name="Click Button" library="SeleniumLibrary">
<arg>${btn_add_cart}</arg>
<doc>Clicks the button identified by ``locator``.</doc>
<msg timestamp="20220220 01:20:15.924" level="INFO">Clicking button 'xpath://*[@id="add_to_cart"]/button'.</msg>
<status status="PASS" starttime="20220220 01:20:15.923" endtime="20220220 01:20:21.131"/>
</kw>
<kw name="Sleep" library="BuiltIn">
<arg>2s</arg>
<doc>Pauses the test executed for the given time.</doc>
<msg timestamp="20220220 01:20:23.133" level="INFO">Slept 2 seconds</msg>
<status status="PASS" starttime="20220220 01:20:21.132" endtime="20220220 01:20:23.133"/>
</kw>
<kw name="Click Element" library="SeleniumLibrary">
<arg>${btn_continue}</arg>
<doc>Click the element identified by ``locator``.</doc>
<msg timestamp="20220220 01:20:23.135" level="INFO">Clicking element 'xpath://*[@id="layer_cart"]/div[1]/div[2]/div[4]/span/span'.</msg>
<status status="PASS" starttime="20220220 01:20:23.134" endtime="20220220 01:20:25.227"/>
</kw>
<status status="PASS" starttime="20220220 01:20:15.922" endtime="20220220 01:20:25.227"/>
</kw>
<status status="PASS" starttime="20220220 01:20:15.922" endtime="20220220 01:20:25.227"/>
</kw>
<kw name="Visit T-shirt section from Navigation Bar" library="ShoppingKeywords">
<kw name="Click Element" library="SeleniumLibrary">
<arg>${t_shirts_tag}</arg>
<doc>Click the element identified by ``locator``.</doc>
<msg timestamp="20220220 01:20:25.228" level="INFO">Clicking element 'xpath://*[@id="block_top_menu"]/ul/li[3]/a'.</msg>
<status status="PASS" starttime="20220220 01:20:25.228" endtime="20220220 01:20:29.234"/>
</kw>
<kw name="Sleep" library="BuiltIn">
<arg>5s</arg>
<doc>Pauses the test executed for the given time.</doc>
<msg timestamp="20220220 01:20:34.250" level="INFO">Slept 5 seconds</msg>
<status status="PASS" starttime="20220220 01:20:29.234" endtime="20220220 01:20:34.250"/>
</kw>
<kw name="Get first item of the list" library="ShoppingKeywords">
<kw name="Click Element" library="SeleniumLibrary">
<arg>${first_item}</arg>
<doc>Click the element identified by ``locator``.</doc>
<msg timestamp="20220220 01:20:34.251" level="INFO">Clicking element 'xpath://*[@id="center_column"]/ul/li'.</msg>
<status status="PASS" starttime="20220220 01:20:34.251" endtime="20220220 01:20:36.397"/>
</kw>
<kw name="Sleep" library="BuiltIn">
<arg>5s</arg>
<doc>Pauses the test executed for the given time.</doc>
<msg timestamp="20220220 01:20:41.411" level="INFO">Slept 5 seconds</msg>
<status status="PASS" starttime="20220220 01:20:36.397" endtime="20220220 01:20:41.411"/>
</kw>
<kw name="Click Element" library="SeleniumLibrary">
<arg>${item_details_tag}</arg>
<doc>Click the element identified by ``locator``.</doc>
<msg timestamp="20220220 01:20:41.412" level="INFO">Clicking element 'xpath://*[@id="center_column"]/ul/li/div/div[2]/div[2]/a[2]'.</msg>
<status status="PASS" starttime="20220220 01:20:41.411" endtime="20220220 01:20:46.099"/>
</kw>
<kw name="Sleep" library="BuiltIn">
<arg>5s</arg>
<doc>Pauses the test executed for the given time.</doc>
<msg timestamp="20220220 01:20:51.111" level="INFO">Slept 5 seconds</msg>
<status status="PASS" starttime="20220220 01:20:46.100" endtime="20220220 01:20:51.111"/>
</kw>
<status status="PASS" starttime="20220220 01:20:34.250" endtime="20220220 01:20:51.112"/>
</kw>
<status status="PASS" starttime="20220220 01:20:25.227" endtime="20220220 01:20:51.112"/>
</kw>
<kw name="Filter the list with blue color from T-shirt section" library="ShoppingKeywords">
<kw name="Click Element" library="SeleniumLibrary">
<arg>${color_blue_tag}</arg>
<doc>Click the element identified by ``locator``.</doc>
<msg timestamp="20220220 01:20:51.115" level="INFO">Clicking element 'name:Blue'.</msg>
<status status="PASS" starttime="20220220 01:20:51.114" endtime="20220220 01:20:53.257"/>
</kw>
<kw name="Sleep" library="BuiltIn">
<arg>1s</arg>
<doc>Pauses the test executed for the given time.</doc>
<msg timestamp="20220220 01:20:54.260" level="INFO">Slept 1 second</msg>
<status status="PASS" starttime="20220220 01:20:53.258" endtime="20220220 01:20:54.260"/>
</kw>
<status status="PASS" starttime="20220220 01:20:51.113" endtime="20220220 01:20:54.261"/>
</kw>
<kw name="Add a shirt from the filtered list" library="ShoppingKeywords">
<kw name="Add to cart and checkout" library="ShoppingKeywords">
<kw name="Click Button" library="SeleniumLibrary">
<arg>${btn_add_cart}</arg>
<doc>Clicks the button identified by ``locator``.</doc>
<msg timestamp="20220220 01:20:54.266" level="INFO">Clicking button 'xpath://*[@id="add_to_cart"]/button'.</msg>
<status status="PASS" starttime="20220220 01:20:54.266" endtime="20220220 01:20:59.428"/>
</kw>
<kw name="Sleep" library="BuiltIn">
<arg>2s</arg>
<doc>Pauses the test executed for the given time.</doc>
<msg timestamp="20220220 01:21:01.430" level="INFO">Slept 2 seconds</msg>
<status status="PASS" starttime="20220220 01:20:59.429" endtime="20220220 01:21:01.430"/>
</kw>
<kw name="Click Element" library="SeleniumLibrary">
<arg>${btn_proceed_checkout}</arg>
<doc>Click the element identified by ``locator``.</doc>
<msg timestamp="20220220 01:21:01.431" level="INFO">Clicking element 'xpath://*[@id="layer_cart"]/div[1]/div[2]/div[4]/a'.</msg>
<status status="PASS" starttime="20220220 01:21:01.431" endtime="20220220 01:21:05.188"/>
</kw>
<status status="PASS" starttime="20220220 01:20:54.264" endtime="20220220 01:21:05.189"/>
</kw>
<status status="PASS" starttime="20220220 01:20:54.262" endtime="20220220 01:21:05.189"/>
</kw>
<kw name="Checkout with two different products and select payment process" library="CheckoutKeywords">
<kw name="Checkout Summary" library="CheckoutKeywords">
<kw name="Wait Until Page Contains" library="SeleniumLibrary">
<arg>${checkout_summary_header}</arg>
<doc>Waits until ``text`` appears on the current page.</doc>
<status status="PASS" starttime="20220220 01:21:05.191" endtime="20220220 01:21:06.222"/>
</kw>
<kw name="Click Element" library="SeleniumLibrary">
<arg>${btn_checkout_to_address}</arg>
<doc>Click the element identified by ``locator``.</doc>
<msg timestamp="20220220 01:21:06.224" level="INFO">Clicking element 'xpath://*[@id="center_column"]/p[2]/a[1]'.</msg>
<status status="PASS" starttime="20220220 01:21:06.223" endtime="20220220 01:21:11.357"/>
</kw>
<status status="PASS" starttime="20220220 01:21:05.190" endtime="20220220 01:21:11.358"/>
</kw>
<kw name="Checkout Address" library="CheckoutKeywords">
<kw name="Wait Until Page Contains" library="SeleniumLibrary">
<arg>${checkout_address_header}</arg>
<doc>Waits until ``text`` appears on the current page.</doc>
<status status="PASS" starttime="20220220 01:21:11.360" endtime="20220220 01:21:12.387"/>
</kw>
<kw name="Click Button" library="SeleniumLibrary">
<arg>${btn_checkout_to_shipping}</arg>
<doc>Clicks the button identified by ``locator``.</doc>
<msg timestamp="20220220 01:21:12.388" level="INFO">Clicking button 'xpath://*[@id="center_column"]/form/p/button'.</msg>
<status status="PASS" starttime="20220220 01:21:12.387" endtime="20220220 01:21:19.084"/>
</kw>
<status status="PASS" starttime="20220220 01:21:11.358" endtime="20220220 01:21:19.084"/>
</kw>
<kw name="Checkout Shipping" library="CheckoutKeywords">
<kw name="Wait Until Page Contains" library="SeleniumLibrary">
<arg>${checkout_shipping_header}</arg>
<doc>Waits until ``text`` appears on the current page.</doc>
<status status="PASS" starttime="20220220 01:21:19.085" endtime="20220220 01:21:20.109"/>
</kw>
<kw name="Click Element" library="SeleniumLibrary">
<arg>${check_terms}</arg>
<doc>Click the element identified by ``locator``.</doc>
<msg timestamp="20220220 01:21:20.110" level="INFO">Clicking element 'id:cgv'.</msg>
<status status="PASS" starttime="20220220 01:21:20.109" endtime="20220220 01:21:22.221"/>
</kw>
<kw name="Click Button" library="SeleniumLibrary">
<arg>${btn_checkout_to_payment}</arg>
<doc>Clicks the button identified by ``locator``.</doc>
<msg timestamp="20220220 01:21:22.222" level="INFO">Clicking button 'xpath://*[@id="form"]/p/button'.</msg>
<status status="PASS" starttime="20220220 01:21:22.221" endtime="20220220 01:21:28.932"/>
</kw>
<status status="PASS" starttime="20220220 01:21:19.085" endtime="20220220 01:21:28.933"/>
</kw>
<kw name="Checkout Payment" library="CheckoutKeywords">
<kw name="Wait Until Page Contains" library="SeleniumLibrary">
<arg>${checkout_payment_header}</arg>
<doc>Waits until ``text`` appears on the current page.</doc>
<status status="PASS" starttime="20220220 01:21:28.934" endtime="20220220 01:21:29.981"/>
</kw>
<kw name="Click Element" library="SeleniumLibrary">
<arg>${btn_by_check}</arg>
<doc>Click the element identified by ``locator``.</doc>
<msg timestamp="20220220 01:21:29.982" level="INFO">Clicking element 'xpath://*[@id="HOOK_PAYMENT"]/div[2]/div/p/a'.</msg>
<status status="PASS" starttime="20220220 01:21:29.981" endtime="20220220 01:21:33.781"/>
</kw>
<status status="PASS" starttime="20220220 01:21:28.934" endtime="20220220 01:21:33.782"/>
</kw>
<kw name="Wait Until Page Contains" library="SeleniumLibrary">
<arg>${checkout_final_header}</arg>
<doc>Waits until ``text`` appears on the current page.</doc>
<status status="PASS" starttime="20220220 01:21:33.783" endtime="20220220 01:21:34.826"/>
</kw>
<kw name="Sleep" library="BuiltIn">
<arg>5s</arg>
<doc>Pauses the test executed for the given time.</doc>
<msg timestamp="20220220 01:21:39.837" level="INFO">Slept 5 seconds</msg>
<status status="PASS" starttime="20220220 01:21:34.826" endtime="20220220 01:21:39.837"/>
</kw>
<status status="PASS" starttime="20220220 01:21:05.189" endtime="20220220 01:21:39.839"/>
</kw>
<kw name="Sleep" library="BuiltIn">
<arg>1s</arg>
<doc>Pauses the test executed for the given time.</doc>
<msg timestamp="20220220 01:21:40.842" level="INFO">Slept 1 second</msg>
<status status="PASS" starttime="20220220 01:21:39.839" endtime="20220220 01:21:40.843"/>
</kw>
<kw name="Logout from user portal" library="LoginKeywords">
<kw name="Click Element" library="SeleniumLibrary">
<arg>${nav_sign_out_tag}</arg>
<doc>Click the element identified by ``locator``.</doc>
<msg timestamp="20220220 01:21:40.845" level="INFO">Clicking element 'xpath://*[@id="header"]/div[2]/div/div/nav/div[2]/a'.</msg>
<status status="PASS" starttime="20220220 01:21:40.844" endtime="20220220 01:21:47.732"/>
</kw>
<status status="PASS" starttime="20220220 01:21:40.843" endtime="20220220 01:21:47.732"/>
</kw>
<kw name="Sleep" library="BuiltIn">
<arg>1s</arg>
<doc>Pauses the test executed for the given time.</doc>
<msg timestamp="20220220 01:21:48.736" level="INFO">Slept 1 second</msg>
<status status="PASS" starttime="20220220 01:21:47.733" endtime="20220220 01:21:48.736"/>
</kw>
<status status="PASS" starttime="20220220 01:19:25.289" endtime="20220220 01:21:48.737"/>
</kw>
<status status="PASS" starttime="20220220 01:19:25.278" endtime="20220220 01:21:48.739"/>
</test>
<kw name="Close Browser" library="BaseKeywords" type="TEARDOWN">
<kw name="Close All Browsers" library="SeleniumLibrary">
<doc>Closes all open browsers and resets the browser cache.</doc>
<status status="PASS" starttime="20220220 01:21:48.747" endtime="20220220 01:21:52.440"/>
</kw>
<status status="PASS" starttime="20220220 01:21:48.746" endtime="20220220 01:21:52.441"/>
</kw>
<doc>Check the new user's account by logging in and shopping with that account</doc>
<status status="PASS" starttime="20220220 01:16:46.531" endtime="20220220 01:21:52.441"/>
</suite>
<status status="PASS" starttime="20220220 01:15:32.540" endtime="20220220 01:21:52.448"/>
</suite>
<statistics>
<total>
<stat pass="5" fail="0" skip="0">All Tests</stat>
</total>
<tag>
<stat pass="3" fail="0" skip="0">p0</stat>
</tag>
<suite>
<stat pass="5" fail="0" skip="0" id="s1" name="TestCases">TestCases</stat>
<stat pass="1" fail="0" skip="0" id="s1-s1" name="TS MyStore 001">TestCases.TS MyStore 001</stat>
<stat pass="2" fail="0" skip="0" id="s1-s2" name="TS MyStore 002">TestCases.TS MyStore 002</stat>
<stat pass="2" fail="0" skip="0" id="s1-s3" name="TS MyStore 003">TestCases.TS MyStore 003</stat>
</suite>
</statistics>
<errors>
<msg timestamp="20220220 01:16:26.128" level="WARN">Multiple test cases with name 'TC_MyStore_Signin_02_to_04' executed in test suite 'TestCases.TS MyStore 002'.</msg>
<msg timestamp="20220220 01:19:25.275" level="WARN">Multiple test cases with name 'TC_MyStore_01_to_08' executed in test suite 'TestCases.TS MyStore 003'.</msg>
</errors>
</robot>
