<?xml version="1.0" encoding="UTF-8"?>
<robot generator="Robot 4.1.2 (Python 3.10.0 on win32)" generated="20220220 07:45:50.885" rpa="false" schemaversion="2">
<suite id="s1" name="TestCases" source="C:\MyProperty\SQA-Automation-Task-2022-BrainStation23\TestCases">
<suite id="s1-s1" name="TS MyStore 001" source="C:\MyProperty\SQA-Automation-Task-2022-BrainStation23\TestCases\TS_MyStore_001.robot">
<kw name="Open and visit website" library="BaseKeywords" type="SETUP">
<arg>${link}</arg>
<arg>${browser}</arg>
<kw name="Open Browser" library="SeleniumLibrary">
<arg>${url}</arg>
<arg>${driver}</arg>
<doc>Opens a new browser instance to the optional ``url``.</doc>
<msg timestamp="20220220 07:45:51.347" level="INFO">Opening browser 'chrome' to base url 'http://automationpractice.com/index.php'.</msg>
<status status="PASS" starttime="20220220 07:45:51.346" endtime="20220220 07:46:00.547"/>
</kw>
<kw name="Maximize Browser Window" library="SeleniumLibrary">
<doc>Maximizes current browser window.</doc>
<status status="PASS" starttime="20220220 07:46:00.548" endtime="20220220 07:46:00.720"/>
</kw>
<status status="PASS" starttime="20220220 07:45:51.346" endtime="20220220 07:46:00.721"/>
</kw>
<test id="s1-s1-t1" name="TC_MyStore_Landing_Page_01">
<kw name="Maximize Browser Window" library="SeleniumLibrary">
<doc>Maximizes current browser window.</doc>
<status status="PASS" starttime="20220220 07:46:00.723" endtime="20220220 07:46:00.729"/>
</kw>
<kw name="Sleep" library="BuiltIn">
<arg>3s</arg>
<doc>Pauses the test executed for the given time.</doc>
<msg timestamp="20220220 07:46:03.736" level="INFO">Slept 3 seconds</msg>
<status status="PASS" starttime="20220220 07:46:00.730" endtime="20220220 07:46:03.736"/>
</kw>
<doc>Check if landing page can be visited</doc>
<tag>p0</tag>
<status status="PASS" starttime="20220220 07:46:00.721" endtime="20220220 07:46:03.737"/>
</test>
<kw name="Close Browser" library="BaseKeywords" type="TEARDOWN">
<kw name="Close All Browsers" library="SeleniumLibrary">
<doc>Closes all open browsers and resets the browser cache.</doc>
<status status="PASS" starttime="20220220 07:46:03.740" endtime="20220220 07:46:06.274"/>
</kw>
<status status="PASS" starttime="20220220 07:46:03.739" endtime="20220220 07:46:06.275"/>
</kw>
<doc>Check the functionality of landing page</doc>
<status status="PASS" starttime="20220220 07:45:50.933" endtime="20220220 07:46:06.275"/>
</suite>
<suite id="s1-s2" name="TS MyStore 002" source="C:\MyProperty\SQA-Automation-Task-2022-BrainStation23\TestCases\TS_MyStore_002.robot">
<kw name="Open and visit website" library="BaseKeywords" type="SETUP">
<arg>${link}</arg>
<arg>${browser}</arg>
<kw name="Open Browser" library="SeleniumLibrary">
<arg>${url}</arg>
<arg>${driver}</arg>
<doc>Opens a new browser instance to the optional ``url``.</doc>
<msg timestamp="20220220 07:46:07.589" level="INFO">Opening browser 'chrome' to base url 'http://automationpractice.com/index.php'.</msg>
<status status="PASS" starttime="20220220 07:46:07.588" endtime="20220220 07:46:16.927"/>
</kw>
<kw name="Maximize Browser Window" library="SeleniumLibrary">
<doc>Maximizes current browser window.</doc>
<status status="PASS" starttime="20220220 07:46:16.927" endtime="20220220 07:46:17.094"/>
</kw>
<status status="PASS" starttime="20220220 07:46:07.588" endtime="20220220 07:46:17.095"/>
</kw>
<test id="s1-s2-t1" name="TC_MyStore_Signin_02_to_04">
<kw name="Repeating testcases from TC_MyStore_Signin">
<arg>Mr.</arg>
<arg>Imran</arg>
<arg>Hossain</arg>
<arg>imran6@sample.com</arg>
<arg>12345</arg>
<arg>6</arg>
<arg>6</arg>
<arg>1995</arg>
<arg>Brain Station 23</arg>
<arg>S Washington Blvd, Washington, The Pentagon</arg>
<arg>Flat: A2, Floor: 2nd</arg>
<arg>Washington</arg>
<arg>45129</arg>
<arg>Maryland</arg>
<arg>United States</arg>
<arg>From Bangladesh</arg>
<arg>(234) 235-5678</arg>
<arg>(234) 265-5678</arg>
<arg>Near The Pentagon office</arg>
<kw name="Go to signin Page" library="LoginKeywords">
<arg>${heading_signin}</arg>
<kw name="Click Link" library="SeleniumLibrary">
<arg>${nav_sign_in_tag}</arg>
<doc>Clicks a link identified by ``locator``.</doc>
<msg timestamp="20220220 07:46:17.113" level="INFO">Clicking link 'xpath://*[@id="header"]/div[2]/div/div/nav/div[1]/a'.</msg>
<status status="PASS" starttime="20220220 07:46:17.109" endtime="20220220 07:46:19.519"/>
</kw>
<kw name="Wait Until Page Contains" library="SeleniumLibrary">
<arg>${key}</arg>
<arg>60s</arg>
<doc>Waits until ``text`` appears on the current page.</doc>
<status status="PASS" starttime="20220220 07:46:19.520" endtime="20220220 07:46:19.553"/>
</kw>
<status status="PASS" starttime="20220220 07:46:17.108" endtime="20220220 07:46:19.553"/>
</kw>
<kw name="Check email validation" library="RegistrationKeywords">
<arg>${email}</arg>
<kw name="Input Text" library="SeleniumLibrary">
<arg>${txt_sign_up_email}</arg>
<arg>${username}</arg>
<doc>Types the given ``text`` into the text field identified by ``locator``.</doc>
<msg timestamp="20220220 07:46:19.554" level="INFO">Typing text 'imran6@sample.com' into text field 'xpath://*[@id="email_create"]'.</msg>
<status status="PASS" starttime="20220220 07:46:19.554" endtime="20220220 07:46:19.727"/>
</kw>
<kw name="Click Element" library="SeleniumLibrary">
<arg>${lbl_sign_up_email}</arg>
<doc>Click the element identified by ``locator``.</doc>
<msg timestamp="20220220 07:46:19.728" level="INFO">Clicking element 'xpath://*[@id="create-account_form"]/div/div[2]/label'.</msg>
<status status="PASS" starttime="20220220 07:46:19.727" endtime="20220220 07:46:19.828"/>
</kw>
<status status="PASS" starttime="20220220 07:46:19.553" endtime="20220220 07:46:19.828"/>
</kw>
<kw name="Get redirected to main registration from" library="RegistrationKeywords">
<arg>${heading_registration}</arg>
<kw name="Click Button" library="SeleniumLibrary">
<arg>${btn_submit_create}</arg>
<doc>Clicks the button identified by ``locator``.</doc>
<msg timestamp="20220220 07:46:19.832" level="INFO">Clicking button 'id:SubmitCreate'.</msg>
<status status="PASS" starttime="20220220 07:46:19.830" endtime="20220220 07:46:19.951"/>
</kw>
<kw name="Wait Until Page Contains" library="SeleniumLibrary">
<arg>${heading}</arg>
<doc>Waits until ``text`` appears on the current page.</doc>
<status status="PASS" starttime="20220220 07:46:19.951" endtime="20220220 07:46:19.968"/>
</kw>
<status status="PASS" starttime="20220220 07:46:19.829" endtime="20220220 07:46:19.969"/>
</kw>
<kw name="Sleep" library="BuiltIn">
<arg>2s</arg>
<doc>Pauses the test executed for the given time.</doc>
<msg timestamp="20220220 07:46:21.982" level="INFO">Slept 2 seconds</msg>
<status status="PASS" starttime="20220220 07:46:19.969" endtime="20220220 07:46:21.982"/>
</kw>
<kw name="Data entry for user registration" library="RegistrationKeywords">
<arg>${title}</arg>
<arg>${first_name}</arg>
<arg>${last_name}</arg>
<arg>${password}</arg>
<arg>${dob_day}</arg>
<arg>${dob_month}</arg>
<arg>${dob_year}</arg>
<arg>${company}</arg>
<arg>${address_location}</arg>
<arg>${address_route}</arg>
<arg>${city}</arg>
<arg>${zip}</arg>
<arg>${state}</arg>
<arg>${country}</arg>
<arg>${additional_info}</arg>
<arg>${phone}</arg>
<arg>${mobile}</arg>
<arg>${address_alias}</arg>
<arg>${heading1}</arg>
<arg>${heading2}</arg>
<kw name="Wait Until Page Contains" library="SeleniumLibrary">
<arg>${heading1}</arg>
<doc>Waits until ``text`` appears on the current page.</doc>
<status status="PASS" starttime="20220220 07:46:21.988" endtime="20220220 07:46:23.122"/>
</kw>
<kw name="Wait Until Page Contains" library="SeleniumLibrary">
<arg>${heading2}</arg>
<doc>Waits until ``text`` appears on the current page.</doc>
<status status="PASS" starttime="20220220 07:46:23.122" endtime="20220220 07:46:23.141"/>
</kw>
<if>
<branch type="IF" condition="'${gender}'=='${match}'">
<kw name="Click Element" library="SeleniumLibrary">
<arg>${radio_gender_mr}</arg>
<doc>Click the element identified by ``locator``.</doc>
<msg timestamp="20220220 07:46:23.143" level="INFO">Clicking element 'id:id_gender1'.</msg>
<status status="PASS" starttime="20220220 07:46:23.142" endtime="20220220 07:46:23.226"/>
</kw>
<status status="PASS" starttime="20220220 07:46:23.141" endtime="20220220 07:46:23.226"/>
</branch>
<branch type="ELSE">
<kw name="Click Element" library="SeleniumLibrary">
<arg>${radio_gender_mrs}</arg>
<doc>Click the element identified by ``locator``.</doc>
<status status="NOT RUN" starttime="20220220 07:46:23.226" endtime="20220220 07:46:23.226"/>
</kw>
<status status="NOT RUN" starttime="20220220 07:46:23.226" endtime="20220220 07:46:23.226"/>
</branch>
<status status="PASS" starttime="20220220 07:46:23.141" endtime="20220220 07:46:23.226"/>
</if>
<kw name="Input Text" library="SeleniumLibrary">
<arg>${txt_first_name}</arg>
<arg>${first_name}</arg>
<doc>Types the given ``text`` into the text field identified by ``locator``.</doc>
<msg timestamp="20220220 07:46:23.228" level="INFO">Typing text 'Imran' into text field 'id:customer_firstname'.</msg>
<status status="PASS" starttime="20220220 07:46:23.227" endtime="20220220 07:46:23.417"/>
</kw>
<kw name="Input Text" library="SeleniumLibrary">
<arg>${txt_last_name}</arg>
<arg>${last_name}</arg>
<doc>Types the given ``text`` into the text field identified by ``locator``.</doc>
<msg timestamp="20220220 07:46:23.420" level="INFO">Typing text 'Hossain' into text field 'id:customer_lastname'.</msg>
<status status="PASS" starttime="20220220 07:46:23.418" endtime="20220220 07:46:23.667"/>
</kw>
<kw name="Input Text" library="SeleniumLibrary">
<arg>${txt_password}</arg>
<arg>${password}</arg>
<doc>Types the given ``text`` into the text field identified by ``locator``.</doc>
<msg timestamp="20220220 07:46:23.669" level="INFO">Typing text '12345' into text field 'id:passwd'.</msg>
<status status="PASS" starttime="20220220 07:46:23.668" endtime="20220220 07:46:23.822"/>
</kw>
<kw name="Select From List By Value" library="SeleniumLibrary">
<arg>${select_dob_day}</arg>
<arg>${dob_day}</arg>
<doc>Selects options from selection list ``locator`` by ``values``.</doc>
<msg timestamp="20220220 07:46:23.823" level="INFO">Selecting options from selection list 'id:days' by value 6.</msg>
<status status="PASS" starttime="20220220 07:46:23.822" endtime="20220220 07:46:23.950"/>
</kw>
<kw name="Select From List By Value" library="SeleniumLibrary">
<arg>${select_dob_month}</arg>
<arg>${dob_month}</arg>
<doc>Selects options from selection list ``locator`` by ``values``.</doc>
<msg timestamp="20220220 07:46:23.952" level="INFO">Selecting options from selection list 'id:months' by value 6.</msg>
<status status="PASS" starttime="20220220 07:46:23.950" endtime="20220220 07:46:24.072"/>
</kw>
<kw name="Select From List By Value" library="SeleniumLibrary">
<arg>${select_dob_year}</arg>
<arg>${dob_year}</arg>
<doc>Selects options from selection list ``locator`` by ``values``.</doc>
<msg timestamp="20220220 07:46:24.073" level="INFO">Selecting options from selection list 'id:years' by value 1995.</msg>
<status status="PASS" starttime="20220220 07:46:24.072" endtime="20220220 07:46:24.188"/>
</kw>
<kw name="Input Text" library="SeleniumLibrary">
<arg>${txt_company}</arg>
<arg>${company}</arg>
<doc>Types the given ``text`` into the text field identified by ``locator``.</doc>
<msg timestamp="20220220 07:46:24.189" level="INFO">Typing text 'Brain Station 23' into text field 'id:company'.</msg>
<status status="PASS" starttime="20220220 07:46:24.188" endtime="20220220 07:46:24.394"/>
</kw>
<kw name="Input Text" library="SeleniumLibrary">
<arg>${txt_first_name_addr}</arg>
<arg>${first_name}</arg>
<doc>Types the given ``text`` into the text field identified by ``locator``.</doc>
<msg timestamp="20220220 07:46:24.395" level="INFO">Typing text 'Imran' into text field 'id:firstname'.</msg>
<status status="PASS" starttime="20220220 07:46:24.394" endtime="20220220 07:46:24.562"/>
</kw>
<kw name="Input Text" library="SeleniumLibrary">
<arg>${txt_last_name_addr}</arg>
<arg>${last_name}</arg>
<doc>Types the given ``text`` into the text field identified by ``locator``.</doc>
<msg timestamp="20220220 07:46:24.563" level="INFO">Typing text 'Hossain' into text field 'id:lastname'.</msg>
<status status="PASS" starttime="20220220 07:46:24.562" endtime="20220220 07:46:24.732"/>
</kw>
<kw name="Input Text" library="SeleniumLibrary">
<arg>${txt_address}</arg>
<arg>${addr1}</arg>
<doc>Types the given ``text`` into the text field identified by ``locator``.</doc>
<msg timestamp="20220220 07:46:24.733" level="INFO">Typing text 'S Washington Blvd, Washington, The Pentagon' into text field 'id:address1'.</msg>
<status status="PASS" starttime="20220220 07:46:24.732" endtime="20220220 07:46:24.997"/>
</kw>
<kw name="Input Text" library="SeleniumLibrary">
<arg>${txt_address_route}</arg>
<arg>${addr2}</arg>
<doc>Types the given ``text`` into the text field identified by ``locator``.</doc>
<msg timestamp="20220220 07:46:24.998" level="INFO">Typing text 'Flat: A2, Floor: 2nd' into text field 'id:address2'.</msg>
<status status="PASS" starttime="20220220 07:46:24.997" endtime="20220220 07:46:25.194"/>
</kw>
<kw name="Input Text" library="SeleniumLibrary">
<arg>${txt_city}</arg>
<arg>${city}</arg>
<doc>Types the given ``text`` into the text field identified by ``locator``.</doc>
<msg timestamp="20220220 07:46:25.195" level="INFO">Typing text 'Washington' into text field 'id:city'.</msg>
<status status="PASS" starttime="20220220 07:46:25.195" endtime="20220220 07:46:25.357"/>
</kw>
<kw name="Input Text" library="SeleniumLibrary">
<arg>${txt_postcode}</arg>
<arg>${postcode}</arg>
<doc>Types the given ``text`` into the text field identified by ``locator``.</doc>
<msg timestamp="20220220 07:46:25.358" level="INFO">Typing text '45129' into text field 'id:postcode'.</msg>
<status status="PASS" starttime="20220220 07:46:25.357" endtime="20220220 07:46:25.522"/>
</kw>
<kw name="Select From List By Label" library="SeleniumLibrary">
<arg>${select_state}</arg>
<arg>${state}</arg>
<doc>Selects options from selection list ``locator`` by ``labels``.</doc>
<msg timestamp="20220220 07:46:25.523" level="INFO">Selecting options from selection list 'id:id_state' by label Maryland.</msg>
<status status="PASS" starttime="20220220 07:46:25.522" endtime="20220220 07:46:25.646"/>
</kw>
<kw name="Select From List By Label" library="SeleniumLibrary">
<arg>${select_country}</arg>
<arg>${country}</arg>
<doc>Selects options from selection list ``locator`` by ``labels``.</doc>
<msg timestamp="20220220 07:46:25.647" level="INFO">Selecting options from selection list 'id:id_country' by label United States.</msg>
<status status="PASS" starttime="20220220 07:46:25.646" endtime="20220220 07:46:25.724"/>
</kw>
<kw name="Input Text" library="SeleniumLibrary">
<arg>${txtarea_extra_info}</arg>
<arg>${extra}</arg>
<doc>Types the given ``text`` into the text field identified by ``locator``.</doc>
<msg timestamp="20220220 07:46:25.725" level="INFO">Typing text 'From Bangladesh' into text field 'id:other'.</msg>
<status status="PASS" starttime="20220220 07:46:25.725" endtime="20220220 07:46:25.877"/>
</kw>
<kw name="Input Text" library="SeleniumLibrary">
<arg>${txt_phone}</arg>
<arg>${phone}</arg>
<doc>Types the given ``text`` into the text field identified by ``locator``.</doc>
<msg timestamp="20220220 07:46:25.879" level="INFO">Typing text '(234) 235-5678' into text field 'id:phone'.</msg>
<status status="PASS" starttime="20220220 07:46:25.878" endtime="20220220 07:46:26.067"/>
</kw>
<kw name="Input Text" library="SeleniumLibrary">
<arg>${txt_mobile}</arg>
<arg>${mobile}</arg>
<doc>Types the given ``text`` into the text field identified by ``locator``.</doc>
<msg timestamp="20220220 07:46:26.068" level="INFO">Typing text '(234) 265-5678' into text field 'id:phone_mobile'.</msg>
<status status="PASS" starttime="20220220 07:46:26.067" endtime="20220220 07:46:26.247"/>
</kw>
<kw name="Input Text" library="SeleniumLibrary">
<arg>${txt_alias}</arg>
<arg>${alias}</arg>
<doc>Types the given ``text`` into the text field identified by ``locator``.</doc>
<msg timestamp="20220220 07:46:26.248" level="INFO">Typing text 'Near The Pentagon office' into text field 'id:alias'.</msg>
<status status="PASS" starttime="20220220 07:46:26.248" endtime="20220220 07:46:26.461"/>
</kw>
<status status="PASS" starttime="20220220 07:46:21.983" endtime="20220220 07:46:26.462"/>
</kw>
<kw name="Sleep" library="BuiltIn">
<arg>2s</arg>
<doc>Pauses the test executed for the given time.</doc>
<msg timestamp="20220220 07:46:28.470" level="INFO">Slept 2 seconds</msg>
<status status="PASS" starttime="20220220 07:46:26.462" endtime="20220220 07:46:28.470"/>
</kw>
<kw name="Hit registration button" library="RegistrationKeywords">
<kw name="Click Button" library="SeleniumLibrary">
<arg>${btn_submit_registration}</arg>
<doc>Clicks the button identified by ``locator``.</doc>
<msg timestamp="20220220 07:46:28.471" level="INFO">Clicking button 'id:submitAccount'.</msg>
<status status="PASS" starttime="20220220 07:46:28.471" endtime="20220220 07:46:33.618"/>
</kw>
<status status="PASS" starttime="20220220 07:46:28.470" endtime="20220220 07:46:33.619"/>
</kw>
<kw name="Logout from user portal" library="LoginKeywords">
<kw name="Click Element" library="SeleniumLibrary">
<arg>${nav_sign_out_tag}</arg>
<doc>Click the element identified by ``locator``.</doc>
<msg timestamp="20220220 07:46:33.621" level="INFO">Clicking element 'xpath://*[@id="header"]/div[2]/div/div/nav/div[2]/a'.</msg>
<status status="PASS" starttime="20220220 07:46:33.620" endtime="20220220 07:46:37.959"/>
</kw>
<status status="PASS" starttime="20220220 07:46:33.619" endtime="20220220 07:46:37.959"/>
</kw>
<kw name="Sleep" library="BuiltIn">
<arg>1s</arg>
<doc>Pauses the test executed for the given time.</doc>
<msg timestamp="20220220 07:46:38.963" level="INFO">Slept 1 second</msg>
<status status="PASS" starttime="20220220 07:46:37.960" endtime="20220220 07:46:38.963"/>
</kw>
<status status="PASS" starttime="20220220 07:46:17.106" endtime="20220220 07:46:38.964"/>
</kw>
<tag>p0</tag>
<status status="PASS" starttime="20220220 07:46:17.095" endtime="20220220 07:46:38.964"/>
</test>
<test id="s1-s2-t2" name="TC_MyStore_Signin_02_to_04">
<kw name="Repeating testcases from TC_MyStore_Signin">
<arg>Mrs.</arg>
<arg>Tisha</arg>
<arg>Akter</arg>
<arg>tisha6@sample.com</arg>
<arg>12345</arg>
<arg>7</arg>
<arg>7</arg>
<arg>1997</arg>
<arg>BSRM</arg>
<arg>Memorial Ave, Arlington, VA 22202</arg>
<arg>Flat: B3, Floor: 3rd</arg>
<arg>Washington</arg>
<arg>45129</arg>
<arg>Virginia</arg>
<arg>United States</arg>
<arg>From Bangladesh</arg>
<arg>(234) 235-6678</arg>
<arg>(234) 235-5958</arg>
<arg>Near the Hospital</arg>
<kw name="Go to signin Page" library="LoginKeywords">
<arg>${heading_signin}</arg>
<kw name="Click Link" library="SeleniumLibrary">
<arg>${nav_sign_in_tag}</arg>
<doc>Clicks a link identified by ``locator``.</doc>
<msg timestamp="20220220 07:46:38.974" level="INFO">Clicking link 'xpath://*[@id="header"]/div[2]/div/div/nav/div[1]/a'.</msg>
<status status="PASS" starttime="20220220 07:46:38.973" endtime="20220220 07:46:41.038"/>
</kw>
<kw name="Wait Until Page Contains" library="SeleniumLibrary">
<arg>${key}</arg>
<arg>60s</arg>
<doc>Waits until ``text`` appears on the current page.</doc>
<status status="PASS" starttime="20220220 07:46:41.038" endtime="20220220 07:46:41.065"/>
</kw>
<status status="PASS" starttime="20220220 07:46:38.973" endtime="20220220 07:46:41.065"/>
</kw>
<kw name="Check email validation" library="RegistrationKeywords">
<arg>${email}</arg>
<kw name="Input Text" library="SeleniumLibrary">
<arg>${txt_sign_up_email}</arg>
<arg>${username}</arg>
<doc>Types the given ``text`` into the text field identified by ``locator``.</doc>
<msg timestamp="20220220 07:46:41.067" level="INFO">Typing text 'tisha6@sample.com' into text field 'xpath://*[@id="email_create"]'.</msg>
<status status="PASS" starttime="20220220 07:46:41.066" endtime="20220220 07:46:41.248"/>
</kw>
<kw name="Click Element" library="SeleniumLibrary">
<arg>${lbl_sign_up_email}</arg>
<doc>Click the element identified by ``locator``.</doc>
<msg timestamp="20220220 07:46:41.249" level="INFO">Clicking element 'xpath://*[@id="create-account_form"]/div/div[2]/label'.</msg>
<status status="PASS" starttime="20220220 07:46:41.249" endtime="20220220 07:46:41.361"/>
</kw>
<status status="PASS" starttime="20220220 07:46:41.065" endtime="20220220 07:46:41.362"/>
</kw>
<kw name="Get redirected to main registration from" library="RegistrationKeywords">
<arg>${heading_registration}</arg>
<kw name="Click Button" library="SeleniumLibrary">
<arg>${btn_submit_create}</arg>
<doc>Clicks the button identified by ``locator``.</doc>
<msg timestamp="20220220 07:46:41.364" level="INFO">Clicking button 'id:SubmitCreate'.</msg>
<status status="PASS" starttime="20220220 07:46:41.363" endtime="20220220 07:46:41.482"/>
</kw>
<kw name="Wait Until Page Contains" library="SeleniumLibrary">
<arg>${heading}</arg>
<doc>Waits until ``text`` appears on the current page.</doc>
<status status="PASS" starttime="20220220 07:46:41.482" endtime="20220220 07:46:41.497"/>
</kw>
<status status="PASS" starttime="20220220 07:46:41.362" endtime="20220220 07:46:41.498"/>
</kw>
<kw name="Sleep" library="BuiltIn">
<arg>2s</arg>
<doc>Pauses the test executed for the given time.</doc>
<msg timestamp="20220220 07:46:43.503" level="INFO">Slept 2 seconds</msg>
<status status="PASS" starttime="20220220 07:46:41.498" endtime="20220220 07:46:43.503"/>
</kw>
<kw name="Data entry for user registration" library="RegistrationKeywords">
<arg>${title}</arg>
<arg>${first_name}</arg>
<arg>${last_name}</arg>
<arg>${password}</arg>
<arg>${dob_day}</arg>
<arg>${dob_month}</arg>
<arg>${dob_year}</arg>
<arg>${company}</arg>
<arg>${address_location}</arg>
<arg>${address_route}</arg>
<arg>${city}</arg>
<arg>${zip}</arg>
<arg>${state}</arg>
<arg>${country}</arg>
<arg>${additional_info}</arg>
<arg>${phone}</arg>
<arg>${mobile}</arg>
<arg>${address_alias}</arg>
<arg>${heading1}</arg>
<arg>${heading2}</arg>
<kw name="Wait Until Page Contains" library="SeleniumLibrary">
<arg>${heading1}</arg>
<doc>Waits until ``text`` appears on the current page.</doc>
<status status="PASS" starttime="20220220 07:46:43.513" endtime="20220220 07:46:43.542"/>
</kw>
<kw name="Wait Until Page Contains" library="SeleniumLibrary">
<arg>${heading2}</arg>
<doc>Waits until ``text`` appears on the current page.</doc>
<status status="PASS" starttime="20220220 07:46:43.543" endtime="20220220 07:46:43.564"/>
</kw>
<if>
<branch type="IF" condition="'${gender}'=='${match}'">
<kw name="Click Element" library="SeleniumLibrary">
<arg>${radio_gender_mr}</arg>
<doc>Click the element identified by ``locator``.</doc>
<status status="NOT RUN" starttime="20220220 07:46:43.566" endtime="20220220 07:46:43.566"/>
</kw>
<status status="NOT RUN" starttime="20220220 07:46:43.565" endtime="20220220 07:46:43.566"/>
</branch>
<branch type="ELSE">
<kw name="Click Element" library="SeleniumLibrary">
<arg>${radio_gender_mrs}</arg>
<doc>Click the element identified by ``locator``.</doc>
<msg timestamp="20220220 07:46:43.567" level="INFO">Clicking element 'id:id_gender2'.</msg>
<status status="PASS" starttime="20220220 07:46:43.566" endtime="20220220 07:46:43.665"/>
</kw>
<status status="PASS" starttime="20220220 07:46:43.566" endtime="20220220 07:46:43.666"/>
</branch>
<status status="PASS" starttime="20220220 07:46:43.565" endtime="20220220 07:46:43.666"/>
</if>
<kw name="Input Text" library="SeleniumLibrary">
<arg>${txt_first_name}</arg>
<arg>${first_name}</arg>
<doc>Types the given ``text`` into the text field identified by ``locator``.</doc>
<msg timestamp="20220220 07:46:43.668" level="INFO">Typing text 'Tisha' into text field 'id:customer_firstname'.</msg>
<status status="PASS" starttime="20220220 07:46:43.666" endtime="20220220 07:46:43.828"/>
</kw>
<kw name="Input Text" library="SeleniumLibrary">
<arg>${txt_last_name}</arg>
<arg>${last_name}</arg>
<doc>Types the given ``text`` into the text field identified by ``locator``.</doc>
<msg timestamp="20220220 07:46:43.829" level="INFO">Typing text 'Akter' into text field 'id:customer_lastname'.</msg>
<status status="PASS" starttime="20220220 07:46:43.828" endtime="20220220 07:46:44.041"/>
</kw>
<kw name="Input Text" library="SeleniumLibrary">
<arg>${txt_password}</arg>
<arg>${password}</arg>
<doc>Types the given ``text`` into the text field identified by ``locator``.</doc>
<msg timestamp="20220220 07:46:44.042" level="INFO">Typing text '12345' into text field 'id:passwd'.</msg>
<status status="PASS" starttime="20220220 07:46:44.041" endtime="20220220 07:46:44.185"/>
</kw>
<kw name="Select From List By Value" library="SeleniumLibrary">
<arg>${select_dob_day}</arg>
<arg>${dob_day}</arg>
<doc>Selects options from selection list ``locator`` by ``values``.</doc>
<msg timestamp="20220220 07:46:44.186" level="INFO">Selecting options from selection list 'id:days' by value 7.</msg>
<status status="PASS" starttime="20220220 07:46:44.185" endtime="20220220 07:46:44.320"/>
</kw>
<kw name="Select From List By Value" library="SeleniumLibrary">
<arg>${select_dob_month}</arg>
<arg>${dob_month}</arg>
<doc>Selects options from selection list ``locator`` by ``values``.</doc>
<msg timestamp="20220220 07:46:44.321" level="INFO">Selecting options from selection list 'id:months' by value 7.</msg>
<status status="PASS" starttime="20220220 07:46:44.321" endtime="20220220 07:46:44.426"/>
</kw>
<kw name="Select From List By Value" library="SeleniumLibrary">
<arg>${select_dob_year}</arg>
<arg>${dob_year}</arg>
<doc>Selects options from selection list ``locator`` by ``values``.</doc>
<msg timestamp="20220220 07:46:44.427" level="INFO">Selecting options from selection list 'id:years' by value 1997.</msg>
<status status="PASS" starttime="20220220 07:46:44.426" endtime="20220220 07:46:44.516"/>
</kw>
<kw name="Input Text" library="SeleniumLibrary">
<arg>${txt_company}</arg>
<arg>${company}</arg>
<doc>Types the given ``text`` into the text field identified by ``locator``.</doc>
<msg timestamp="20220220 07:46:44.517" level="INFO">Typing text 'BSRM' into text field 'id:company'.</msg>
<status status="PASS" starttime="20220220 07:46:44.516" endtime="20220220 07:46:44.654"/>
</kw>
<kw name="Input Text" library="SeleniumLibrary">
<arg>${txt_first_name_addr}</arg>
<arg>${first_name}</arg>
<doc>Types the given ``text`` into the text field identified by ``locator``.</doc>
<msg timestamp="20220220 07:46:44.654" level="INFO">Typing text 'Tisha' into text field 'id:firstname'.</msg>
<status status="PASS" starttime="20220220 07:46:44.654" endtime="20220220 07:46:44.854"/>
</kw>
<kw name="Input Text" library="SeleniumLibrary">
<arg>${txt_last_name_addr}</arg>
<arg>${last_name}</arg>
<doc>Types the given ``text`` into the text field identified by ``locator``.</doc>
<msg timestamp="20220220 07:46:44.855" level="INFO">Typing text 'Akter' into text field 'id:lastname'.</msg>
<status status="PASS" starttime="20220220 07:46:44.855" endtime="20220220 07:46:44.997"/>
</kw>
<kw name="Input Text" library="SeleniumLibrary">
<arg>${txt_address}</arg>
<arg>${addr1}</arg>
<doc>Types the given ``text`` into the text field identified by ``locator``.</doc>
<msg timestamp="20220220 07:46:44.998" level="INFO">Typing text 'Memorial Ave, Arlington, VA 22202' into text field 'id:address1'.</msg>
<status status="PASS" starttime="20220220 07:46:44.997" endtime="20220220 07:46:45.200"/>
</kw>
<kw name="Input Text" library="SeleniumLibrary">
<arg>${txt_address_route}</arg>
<arg>${addr2}</arg>
<doc>Types the given ``text`` into the text field identified by ``locator``.</doc>
<msg timestamp="20220220 07:46:45.201" level="INFO">Typing text 'Flat: B3, Floor: 3rd' into text field 'id:address2'.</msg>
<status status="PASS" starttime="20220220 07:46:45.200" endtime="20220220 07:46:45.382"/>
</kw>
<kw name="Input Text" library="SeleniumLibrary">
<arg>${txt_city}</arg>
<arg>${city}</arg>
<doc>Types the given ``text`` into the text field identified by ``locator``.</doc>
<msg timestamp="20220220 07:46:45.383" level="INFO">Typing text 'Washington' into text field 'id:city'.</msg>
<status status="PASS" starttime="20220220 07:46:45.382" endtime="20220220 07:46:45.569"/>
</kw>
<kw name="Input Text" library="SeleniumLibrary">
<arg>${txt_postcode}</arg>
<arg>${postcode}</arg>
<doc>Types the given ``text`` into the text field identified by ``locator``.</doc>
<msg timestamp="20220220 07:46:45.570" level="INFO">Typing text '45129' into text field 'id:postcode'.</msg>
<status status="PASS" starttime="20220220 07:46:45.570" endtime="20220220 07:46:45.716"/>
</kw>
<kw name="Select From List By Label" library="SeleniumLibrary">
<arg>${select_state}</arg>
<arg>${state}</arg>
<doc>Selects options from selection list ``locator`` by ``labels``.</doc>
<msg timestamp="20220220 07:46:45.717" level="INFO">Selecting options from selection list 'id:id_state' by label Virginia.</msg>
<status status="PASS" starttime="20220220 07:46:45.716" endtime="20220220 07:46:45.818"/>
</kw>
<kw name="Select From List By Label" library="SeleniumLibrary">
<arg>${select_country}</arg>
<arg>${country}</arg>
<doc>Selects options from selection list ``locator`` by ``labels``.</doc>
<msg timestamp="20220220 07:46:45.819" level="INFO">Selecting options from selection list 'id:id_country' by label United States.</msg>
<status status="PASS" starttime="20220220 07:46:45.818" endtime="20220220 07:46:45.880"/>
</kw>
<kw name="Input Text" library="SeleniumLibrary">
<arg>${txtarea_extra_info}</arg>
<arg>${extra}</arg>
<doc>Types the given ``text`` into the text field identified by ``locator``.</doc>
<msg timestamp="20220220 07:46:45.881" level="INFO">Typing text 'From Bangladesh' into text field 'id:other'.</msg>
<status status="PASS" starttime="20220220 07:46:45.880" endtime="20220220 07:46:46.023"/>
</kw>
<kw name="Input Text" library="SeleniumLibrary">
<arg>${txt_phone}</arg>
<arg>${phone}</arg>
<doc>Types the given ``text`` into the text field identified by ``locator``.</doc>
<msg timestamp="20220220 07:46:46.025" level="INFO">Typing text '(234) 235-6678' into text field 'id:phone'.</msg>
<status status="PASS" starttime="20220220 07:46:46.024" endtime="20220220 07:46:46.183"/>
</kw>
<kw name="Input Text" library="SeleniumLibrary">
<arg>${txt_mobile}</arg>
<arg>${mobile}</arg>
<doc>Types the given ``text`` into the text field identified by ``locator``.</doc>
<msg timestamp="20220220 07:46:46.184" level="INFO">Typing text '(234) 235-5958' into text field 'id:phone_mobile'.</msg>
<status status="PASS" starttime="20220220 07:46:46.183" endtime="20220220 07:46:46.341"/>
</kw>
<kw name="Input Text" library="SeleniumLibrary">
<arg>${txt_alias}</arg>
<arg>${alias}</arg>
<doc>Types the given ``text`` into the text field identified by ``locator``.</doc>
<msg timestamp="20220220 07:46:46.343" level="INFO">Typing text 'Near the Hospital' into text field 'id:alias'.</msg>
<status status="PASS" starttime="20220220 07:46:46.342" endtime="20220220 07:46:46.509"/>
</kw>
<status status="PASS" starttime="20220220 07:46:43.504" endtime="20220220 07:46:46.509"/>
</kw>
<kw name="Sleep" library="BuiltIn">
<arg>2s</arg>
<doc>Pauses the test executed for the given time.</doc>
<msg timestamp="20220220 07:46:48.513" level="INFO">Slept 2 seconds</msg>
<status status="PASS" starttime="20220220 07:46:46.509" endtime="20220220 07:46:48.514"/>
</kw>
<kw name="Hit registration button" library="RegistrationKeywords">
<kw name="Click Button" library="SeleniumLibrary">
<arg>${btn_submit_registration}</arg>
<doc>Clicks the button identified by ``locator``.</doc>
<msg timestamp="20220220 07:46:48.516" level="INFO">Clicking button 'id:submitAccount'.</msg>
<status status="PASS" starttime="20220220 07:46:48.515" endtime="20220220 07:46:50.565"/>
</kw>
<status status="PASS" starttime="20220220 07:46:48.514" endtime="20220220 07:46:50.566"/>
</kw>
<kw name="Logout from user portal" library="LoginKeywords">
<kw name="Click Element" library="SeleniumLibrary">
<arg>${nav_sign_out_tag}</arg>
<doc>Click the element identified by ``locator``.</doc>
<msg timestamp="20220220 07:46:50.568" level="INFO">Clicking element 'xpath://*[@id="header"]/div[2]/div/div/nav/div[2]/a'.</msg>
<status status="PASS" starttime="20220220 07:46:50.567" endtime="20220220 07:46:53.204"/>
</kw>
<status status="PASS" starttime="20220220 07:46:50.566" endtime="20220220 07:46:53.205"/>
</kw>
<kw name="Sleep" library="BuiltIn">
<arg>1s</arg>
<doc>Pauses the test executed for the given time.</doc>
<msg timestamp="20220220 07:46:54.218" level="INFO">Slept 1 second</msg>
<status status="PASS" starttime="20220220 07:46:53.205" endtime="20220220 07:46:54.218"/>
</kw>
<status status="PASS" starttime="20220220 07:46:38.972" endtime="20220220 07:46:54.219"/>
</kw>
<tag>p0</tag>
<status status="PASS" starttime="20220220 07:46:38.968" endtime="20220220 07:46:54.220"/>
</test>
<kw name="Close Browser" library="BaseKeywords" type="TEARDOWN">
<kw name="Close All Browsers" library="SeleniumLibrary">
<doc>Closes all open browsers and resets the browser cache.</doc>
<status status="PASS" starttime="20220220 07:46:54.225" endtime="20220220 07:46:56.681"/>
</kw>
<status status="PASS" starttime="20220220 07:46:54.224" endtime="20220220 07:46:56.682"/>
</kw>
<doc>Check the functionality of Sign in page including createing new account</doc>
<status status="PASS" starttime="20220220 07:46:06.279" endtime="20220220 07:46:56.682"/>
</suite>
<suite id="s1-s3" name="TS MyStore 003" source="C:\MyProperty\SQA-Automation-Task-2022-BrainStation23\TestCases\TS_MyStore_003.robot">
<kw name="Open and visit website" library="BaseKeywords" type="SETUP">
<arg>${link}</arg>
<arg>${browser}</arg>
<kw name="Open Browser" library="SeleniumLibrary">
<arg>${url}</arg>
<arg>${driver}</arg>
<doc>Opens a new browser instance to the optional ``url``.</doc>
<msg timestamp="20220220 07:46:56.762" level="INFO">Opening browser 'chrome' to base url 'http://automationpractice.com/index.php'.</msg>
<status status="PASS" starttime="20220220 07:46:56.762" endtime="20220220 07:47:07.806"/>
</kw>
<kw name="Maximize Browser Window" library="SeleniumLibrary">
<doc>Maximizes current browser window.</doc>
<status status="PASS" starttime="20220220 07:47:07.807" endtime="20220220 07:47:07.955"/>
</kw>
<status status="PASS" starttime="20220220 07:46:56.761" endtime="20220220 07:47:07.956"/>
</kw>
<test id="s1-s3-t1" name="TC_MyStore_01_to_08">
<kw name="Repeating testcases from TS_MyStore_003">
<arg>imran6@sample.com</arg>
<arg>12345</arg>
<kw name="Set Selenium Speed" library="SeleniumLibrary">
<arg>1s</arg>
<doc>Sets the delay that is waited after each Selenium command.</doc>
<status status="PASS" starttime="20220220 07:47:07.971" endtime="20220220 07:47:07.971"/>
</kw>
<kw name="Go to signin Page" library="LoginKeywords">
<arg>${heading}</arg>
<kw name="Click Link" library="SeleniumLibrary">
<arg>${nav_sign_in_tag}</arg>
<doc>Clicks a link identified by ``locator``.</doc>
<msg timestamp="20220220 07:47:07.972" level="INFO">Clicking link 'xpath://*[@id="header"]/div[2]/div/div/nav/div[1]/a'.</msg>
<status status="PASS" starttime="20220220 07:47:07.972" endtime="20220220 07:47:13.434"/>
</kw>
<kw name="Wait Until Page Contains" library="SeleniumLibrary">
<arg>${key}</arg>
<arg>60s</arg>
<doc>Waits until ``text`` appears on the current page.</doc>
<status status="PASS" starttime="20220220 07:47:13.434" endtime="20220220 07:47:14.461"/>
</kw>
<status status="PASS" starttime="20220220 07:47:07.971" endtime="20220220 07:47:14.461"/>
</kw>
<kw name="Login to user portal" library="LoginKeywords">
<arg>${username}</arg>
<arg>${password}</arg>
<kw name="Input Text" library="SeleniumLibrary">
<arg>${txt_log_in_email}</arg>
<arg>${username}</arg>
<doc>Types the given ``text`` into the text field identified by ``locator``.</doc>
<msg timestamp="20220220 07:47:14.463" level="INFO">Typing text 'imran6@sample.com' into text field 'id:email'.</msg>
<status status="PASS" starttime="20220220 07:47:14.462" endtime="20220220 07:47:17.649"/>
</kw>
<kw name="Input Text" library="SeleniumLibrary">
<arg>${txt_password}</arg>
<arg>${password}</arg>
<doc>Types the given ``text`` into the text field identified by ``locator``.</doc>
<msg timestamp="20220220 07:47:17.651" level="INFO">Typing text '12345' into text field 'id:passwd'.</msg>
<status status="PASS" starttime="20220220 07:47:17.650" endtime="20220220 07:47:20.840"/>
</kw>
<kw name="Sleep" library="BuiltIn">
<arg>1s</arg>
<doc>Pauses the test executed for the given time.</doc>
<msg timestamp="20220220 07:47:21.856" level="INFO">Slept 1 second</msg>
<status status="PASS" starttime="20220220 07:47:20.841" endtime="20220220 07:47:21.856"/>
</kw>
<kw name="Click Button" library="SeleniumLibrary">
<arg>${btn_submit_login}</arg>
<doc>Clicks the button identified by ``locator``.</doc>
<msg timestamp="20220220 07:47:21.858" level="INFO">Clicking button 'id:SubmitLogin'.</msg>
<status status="PASS" starttime="20220220 07:47:21.857" endtime="20220220 07:47:28.900"/>
</kw>
<status status="PASS" starttime="20220220 07:47:14.461" endtime="20220220 07:47:28.901"/>
</kw>
<kw name="Visit Casual Dresses category" library="ShoppingKeywords">
<kw name="Mouse Over" library="SeleniumLibrary">
<arg>${dresses_tag}</arg>
<doc>Simulates hovering the mouse over the element ``locator``.</doc>
<msg timestamp="20220220 07:47:28.903" level="INFO">Simulating Mouse Over on element 'xpath://*[@id="block_top_menu"]/ul/li[2]/a'.</msg>
<status status="PASS" starttime="20220220 07:47:28.902" endtime="20220220 07:47:31.236"/>
</kw>
<kw name="Click Element" library="SeleniumLibrary">
<arg>${casual_dresses_tag}</arg>
<doc>Click the element identified by ``locator``.</doc>
<msg timestamp="20220220 07:47:31.239" level="INFO">Clicking element 'xpath://*[@id="block_top_menu"]/ul/li[2]/ul/li[1]/a'.</msg>
<status status="PASS" starttime="20220220 07:47:31.237" endtime="20220220 07:47:37.669"/>
</kw>
<kw name="Sleep" library="BuiltIn">
<arg>5s</arg>
<doc>Pauses the test executed for the given time.</doc>
<msg timestamp="20220220 07:47:42.686" level="INFO">Slept 5 seconds</msg>
<status status="PASS" starttime="20220220 07:47:37.670" endtime="20220220 07:47:42.687"/>
</kw>
<kw name="Get first item of the list" library="ShoppingKeywords">
<kw name="Execute Javascript" library="SeleniumLibrary">
<arg>window.scrollTo(0,600)</arg>
<doc>Executes the given JavaScript code with possible arguments.</doc>
<msg timestamp="20220220 07:47:42.691" level="INFO">Executing JavaScript:
window.scrollTo(0,600)
Without any arguments.</msg>
<status status="PASS" starttime="20220220 07:47:42.688" endtime="20220220 07:47:43.717"/>
</kw>
<kw name="Click Element" library="SeleniumLibrary">
<arg>${first_item}</arg>
<doc>Click the element identified by ``locator``.</doc>
<msg timestamp="20220220 07:47:43.719" level="INFO">Clicking element 'xpath://*[@id="center_column"]/ul/li'.</msg>
<status status="PASS" starttime="20220220 07:47:43.718" endtime="20220220 07:47:45.822"/>
</kw>
<kw name="Sleep" library="BuiltIn">
<arg>5s</arg>
<doc>Pauses the test executed for the given time.</doc>
<msg timestamp="20220220 07:47:50.826" level="INFO">Slept 5 seconds</msg>
<status status="PASS" starttime="20220220 07:47:45.823" endtime="20220220 07:47:50.826"/>
</kw>
<kw name="Click Element" library="SeleniumLibrary">
<arg>${item_details_tag}</arg>
<doc>Click the element identified by ``locator``.</doc>
<msg timestamp="20220220 07:47:50.828" level="INFO">Clicking element 'xpath://*[@id="center_column"]/ul/li/div/div[2]/div[2]/a[2]'.</msg>
<status status="PASS" starttime="20220220 07:47:50.827" endtime="20220220 07:47:56.173"/>
</kw>
<kw name="Sleep" library="BuiltIn">
<arg>5s</arg>
<doc>Pauses the test executed for the given time.</doc>
<msg timestamp="20220220 07:48:01.176" level="INFO">Slept 5 seconds</msg>
<status status="PASS" starttime="20220220 07:47:56.174" endtime="20220220 07:48:01.176"/>
</kw>
<status status="PASS" starttime="20220220 07:47:42.687" endtime="20220220 07:48:01.176"/>
</kw>
<status status="PASS" starttime="20220220 07:47:28.901" endtime="20220220 07:48:01.177"/>
</kw>
<kw name="Add one item to cart from Casual Dresses Section" library="ShoppingKeywords">
<kw name="Add to cart and continue" library="ShoppingKeywords">
<kw name="Click Button" library="SeleniumLibrary">
<arg>${btn_add_cart}</arg>
<doc>Clicks the button identified by ``locator``.</doc>
<msg timestamp="20220220 07:48:01.179" level="INFO">Clicking button 'xpath://*[@id="add_to_cart"]/button'.</msg>
<status status="PASS" starttime="20220220 07:48:01.179" endtime="20220220 07:48:06.387"/>
</kw>
<kw name="Sleep" library="BuiltIn">
<arg>2s</arg>
<doc>Pauses the test executed for the given time.</doc>
<msg timestamp="20220220 07:48:08.397" level="INFO">Slept 2 seconds</msg>
<status status="PASS" starttime="20220220 07:48:06.389" endtime="20220220 07:48:08.398"/>
</kw>
<kw name="Click Element" library="SeleniumLibrary">
<arg>${btn_continue}</arg>
<doc>Click the element identified by ``locator``.</doc>
<msg timestamp="20220220 07:48:08.400" level="INFO">Clicking element 'xpath://*[@id="layer_cart"]/div[1]/div[2]/div[4]/span/span'.</msg>
<status status="PASS" starttime="20220220 07:48:08.398" endtime="20220220 07:48:10.482"/>
</kw>
<status status="PASS" starttime="20220220 07:48:01.178" endtime="20220220 07:48:10.483"/>
</kw>
<status status="PASS" starttime="20220220 07:48:01.177" endtime="20220220 07:48:10.484"/>
</kw>
<kw name="Visit T-shirt section from Navigation Bar" library="ShoppingKeywords">
<kw name="Click Element" library="SeleniumLibrary">
<arg>${t_shirts_tag}</arg>
<doc>Click the element identified by ``locator``.</doc>
<msg timestamp="20220220 07:48:10.486" level="INFO">Clicking element 'xpath://*[@id="block_top_menu"]/ul/li[3]/a'.</msg>
<status status="PASS" starttime="20220220 07:48:10.485" endtime="20220220 07:48:14.988"/>
</kw>
<kw name="Sleep" library="BuiltIn">
<arg>5s</arg>
<doc>Pauses the test executed for the given time.</doc>
<msg timestamp="20220220 07:48:19.991" level="INFO">Slept 5 seconds</msg>
<status status="PASS" starttime="20220220 07:48:14.989" endtime="20220220 07:48:19.992"/>
</kw>
<kw name="Get first item of the list" library="ShoppingKeywords">
<kw name="Execute Javascript" library="SeleniumLibrary">
<arg>window.scrollTo(0,600)</arg>
<doc>Executes the given JavaScript code with possible arguments.</doc>
<msg timestamp="20220220 07:48:19.995" level="INFO">Executing JavaScript:
window.scrollTo(0,600)
Without any arguments.</msg>
<status status="PASS" starttime="20220220 07:48:19.993" endtime="20220220 07:48:21.015"/>
</kw>
<kw name="Click Element" library="SeleniumLibrary">
<arg>${first_item}</arg>
<doc>Click the element identified by ``locator``.</doc>
<msg timestamp="20220220 07:48:21.018" level="INFO">Clicking element 'xpath://*[@id="center_column"]/ul/li'.</msg>
<status status="PASS" starttime="20220220 07:48:21.016" endtime="20220220 07:48:23.132"/>
</kw>
<kw name="Sleep" library="BuiltIn">
<arg>5s</arg>
<doc>Pauses the test executed for the given time.</doc>
<msg timestamp="20220220 07:48:28.137" level="INFO">Slept 5 seconds</msg>
<status status="PASS" starttime="20220220 07:48:23.133" endtime="20220220 07:48:28.137"/>
</kw>
<kw name="Click Element" library="SeleniumLibrary">
<arg>${item_details_tag}</arg>
<doc>Click the element identified by ``locator``.</doc>
<msg timestamp="20220220 07:48:28.139" level="INFO">Clicking element 'xpath://*[@id="center_column"]/ul/li/div/div[2]/div[2]/a[2]'.</msg>
<status status="PASS" starttime="20220220 07:48:28.138" endtime="20220220 07:48:32.598"/>
</kw>
<kw name="Sleep" library="BuiltIn">
<arg>5s</arg>
<doc>Pauses the test executed for the given time.</doc>
<msg timestamp="20220220 07:48:37.605" level="INFO">Slept 5 seconds</msg>
<status status="PASS" starttime="20220220 07:48:32.599" endtime="20220220 07:48:37.605"/>
</kw>
<status status="PASS" starttime="20220220 07:48:19.992" endtime="20220220 07:48:37.606"/>
</kw>
<status status="PASS" starttime="20220220 07:48:10.484" endtime="20220220 07:48:37.607"/>
</kw>
<kw name="Filter the list with blue color from T-shirt section" library="ShoppingKeywords">
<kw name="Click Element" library="SeleniumLibrary">
<arg>${color_blue_tag}</arg>
<doc>Click the element identified by ``locator``.</doc>
<msg timestamp="20220220 07:48:37.609" level="INFO">Clicking element 'name:Blue'.</msg>
<status status="PASS" starttime="20220220 07:48:37.608" endtime="20220220 07:48:39.769"/>
</kw>
<kw name="Sleep" library="BuiltIn">
<arg>1s</arg>
<doc>Pauses the test executed for the given time.</doc>
<msg timestamp="20220220 07:48:40.779" level="INFO">Slept 1 second</msg>
<status status="PASS" starttime="20220220 07:48:39.770" endtime="20220220 07:48:40.779"/>
</kw>
<status status="PASS" starttime="20220220 07:48:37.607" endtime="20220220 07:48:40.779"/>
</kw>
<kw name="Add a shirt from the filtered list" library="ShoppingKeywords">
<kw name="Add to cart and checkout" library="ShoppingKeywords">
<kw name="Click Button" library="SeleniumLibrary">
<arg>${btn_add_cart}</arg>
<doc>Clicks the button identified by ``locator``.</doc>
<msg timestamp="20220220 07:48:40.781" level="INFO">Clicking button 'xpath://*[@id="add_to_cart"]/button'.</msg>
<status status="PASS" starttime="20220220 07:48:40.780" endtime="20220220 07:48:45.919"/>
</kw>
<kw name="Sleep" library="BuiltIn">
<arg>2s</arg>
<doc>Pauses the test executed for the given time.</doc>
<msg timestamp="20220220 07:48:47.931" level="INFO">Slept 2 seconds</msg>
<status status="PASS" starttime="20220220 07:48:45.920" endtime="20220220 07:48:47.932"/>
</kw>
<kw name="Click Element" library="SeleniumLibrary">
<arg>${btn_proceed_checkout}</arg>
<doc>Click the element identified by ``locator``.</doc>
<msg timestamp="20220220 07:48:47.934" level="INFO">Clicking element 'xpath://*[@id="layer_cart"]/div[1]/div[2]/div[4]/a'.</msg>
<status status="PASS" starttime="20220220 07:48:47.933" endtime="20220220 07:48:53.075"/>
</kw>
<status status="PASS" starttime="20220220 07:48:40.780" endtime="20220220 07:48:53.076"/>
</kw>
<status status="PASS" starttime="20220220 07:48:40.780" endtime="20220220 07:48:53.076"/>
</kw>
<kw name="Checkout with two different products and select payment process" library="CheckoutKeywords">
<kw name="Checkout Summary" library="CheckoutKeywords">
<kw name="Wait Until Page Contains" library="SeleniumLibrary">
<arg>${checkout_summary_header}</arg>
<doc>Waits until ``text`` appears on the current page.</doc>
<status status="PASS" starttime="20220220 07:48:53.078" endtime="20220220 07:48:54.121"/>
</kw>
<kw name="Click Element" library="SeleniumLibrary">
<arg>${btn_checkout_to_address}</arg>
<doc>Click the element identified by ``locator``.</doc>
<msg timestamp="20220220 07:48:54.123" level="INFO">Clicking element 'xpath://*[@id="center_column"]/p[2]/a[1]'.</msg>
<status status="PASS" starttime="20220220 07:48:54.122" endtime="20220220 07:48:59.107"/>
</kw>
<status status="PASS" starttime="20220220 07:48:53.077" endtime="20220220 07:48:59.107"/>
</kw>
<kw name="Checkout Address" library="CheckoutKeywords">
<kw name="Wait Until Page Contains" library="SeleniumLibrary">
<arg>${checkout_address_header}</arg>
<doc>Waits until ``text`` appears on the current page.</doc>
<status status="PASS" starttime="20220220 07:48:59.108" endtime="20220220 07:49:00.136"/>
</kw>
<kw name="Click Button" library="SeleniumLibrary">
<arg>${btn_checkout_to_shipping}</arg>
<doc>Clicks the button identified by ``locator``.</doc>
<msg timestamp="20220220 07:49:00.138" level="INFO">Clicking button 'xpath://*[@id="center_column"]/form/p/button'.</msg>
<status status="PASS" starttime="20220220 07:49:00.137" endtime="20220220 07:49:07.249"/>
</kw>
<status status="PASS" starttime="20220220 07:48:59.108" endtime="20220220 07:49:07.250"/>
</kw>
<kw name="Checkout Shipping" library="CheckoutKeywords">
<kw name="Wait Until Page Contains" library="SeleniumLibrary">
<arg>${checkout_shipping_header}</arg>
<doc>Waits until ``text`` appears on the current page.</doc>
<status status="PASS" starttime="20220220 07:49:07.251" endtime="20220220 07:49:08.277"/>
</kw>
<kw name="Click Element" library="SeleniumLibrary">
<arg>${check_terms}</arg>
<doc>Click the element identified by ``locator``.</doc>
<msg timestamp="20220220 07:49:08.279" level="INFO">Clicking element 'id:cgv'.</msg>
<status status="PASS" starttime="20220220 07:49:08.278" endtime="20220220 07:49:10.397"/>
</kw>
<kw name="Click Button" library="SeleniumLibrary">
<arg>${btn_checkout_to_payment}</arg>
<doc>Clicks the button identified by ``locator``.</doc>
<msg timestamp="20220220 07:49:10.399" level="INFO">Clicking button 'xpath://*[@id="form"]/p/button'.</msg>
<status status="PASS" starttime="20220220 07:49:10.398" endtime="20220220 07:49:17.529"/>
</kw>
<status status="PASS" starttime="20220220 07:49:07.250" endtime="20220220 07:49:17.529"/>
</kw>
<kw name="Checkout Payment" library="CheckoutKeywords">
<kw name="Wait Until Page Contains" library="SeleniumLibrary">
<arg>${checkout_payment_header}</arg>
<doc>Waits until ``text`` appears on the current page.</doc>
<status status="PASS" starttime="20220220 07:49:17.530" endtime="20220220 07:49:18.556"/>
</kw>
<kw name="Click Element" library="SeleniumLibrary">
<arg>${btn_by_check}</arg>
<doc>Click the element identified by ``locator``.</doc>
<msg timestamp="20220220 07:49:18.557" level="INFO">Clicking element 'xpath://*[@id="HOOK_PAYMENT"]/div[2]/div/p/a'.</msg>
<status status="PASS" starttime="20220220 07:49:18.556" endtime="20220220 07:49:22.142"/>
</kw>
<status status="PASS" starttime="20220220 07:49:17.529" endtime="20220220 07:49:22.142"/>
</kw>
<kw name="Wait Until Page Contains" library="SeleniumLibrary">
<arg>${checkout_final_header}</arg>
<doc>Waits until ``text`` appears on the current page.</doc>
<status status="PASS" starttime="20220220 07:49:22.142" endtime="20220220 07:49:23.175"/>
</kw>
<kw name="Sleep" library="BuiltIn">
<arg>5s</arg>
<doc>Pauses the test executed for the given time.</doc>
<msg timestamp="20220220 07:49:28.178" level="INFO">Slept 5 seconds</msg>
<status status="PASS" starttime="20220220 07:49:23.176" endtime="20220220 07:49:28.178"/>
</kw>
<status status="PASS" starttime="20220220 07:48:53.076" endtime="20220220 07:49:28.179"/>
</kw>
<kw name="Sleep" library="BuiltIn">
<arg>1s</arg>
<doc>Pauses the test executed for the given time.</doc>
<msg timestamp="20220220 07:49:29.189" level="INFO">Slept 1 second</msg>
<status status="PASS" starttime="20220220 07:49:28.179" endtime="20220220 07:49:29.190"/>
</kw>
<kw name="Logout from user portal" library="LoginKeywords">
<kw name="Click Element" library="SeleniumLibrary">
<arg>${nav_sign_out_tag}</arg>
<doc>Click the element identified by ``locator``.</doc>
<msg timestamp="20220220 07:49:29.191" level="INFO">Clicking element 'xpath://*[@id="header"]/div[2]/div/div/nav/div[2]/a'.</msg>
<status status="PASS" starttime="20220220 07:49:29.190" endtime="20220220 07:49:33.544"/>
</kw>
<status status="PASS" starttime="20220220 07:49:29.190" endtime="20220220 07:49:33.544"/>
</kw>
<kw name="Sleep" library="BuiltIn">
<arg>1s</arg>
<doc>Pauses the test executed for the given time.</doc>
<msg timestamp="20220220 07:49:34.556" level="INFO">Slept 1 second</msg>
<status status="PASS" starttime="20220220 07:49:33.545" endtime="20220220 07:49:34.557"/>
</kw>
<status status="PASS" starttime="20220220 07:47:07.969" endtime="20220220 07:49:34.558"/>
</kw>
<status status="PASS" starttime="20220220 07:47:07.956" endtime="20220220 07:49:34.561"/>
</test>
<test id="s1-s3-t2" name="TC_MyStore_01_to_08">
<kw name="Repeating testcases from TS_MyStore_003">
<arg>tisha6@sample.com</arg>
<arg>12345</arg>
<kw name="Set Selenium Speed" library="SeleniumLibrary">
<arg>1s</arg>
<doc>Sets the delay that is waited after each Selenium command.</doc>
<status status="PASS" starttime="20220220 07:49:34.573" endtime="20220220 07:49:34.574"/>
</kw>
<kw name="Go to signin Page" library="LoginKeywords">
<arg>${heading}</arg>
<kw name="Click Link" library="SeleniumLibrary">
<arg>${nav_sign_in_tag}</arg>
<doc>Clicks a link identified by ``locator``.</doc>
<msg timestamp="20220220 07:49:34.575" level="INFO">Clicking link 'xpath://*[@id="header"]/div[2]/div/div/nav/div[1]/a'.</msg>
<status status="PASS" starttime="20220220 07:49:34.574" endtime="20220220 07:49:40.877"/>
</kw>
<kw name="Wait Until Page Contains" library="SeleniumLibrary">
<arg>${key}</arg>
<arg>60s</arg>
<doc>Waits until ``text`` appears on the current page.</doc>
<status status="PASS" starttime="20220220 07:49:40.878" endtime="20220220 07:49:41.920"/>
</kw>
<status status="PASS" starttime="20220220 07:49:34.574" endtime="20220220 07:49:41.921"/>
</kw>
<kw name="Login to user portal" library="LoginKeywords">
<arg>${username}</arg>
<arg>${password}</arg>
<kw name="Input Text" library="SeleniumLibrary">
<arg>${txt_log_in_email}</arg>
<arg>${username}</arg>
<doc>Types the given ``text`` into the text field identified by ``locator``.</doc>
<msg timestamp="20220220 07:49:41.927" level="INFO">Typing text 'tisha6@sample.com' into text field 'id:email'.</msg>
<status status="PASS" starttime="20220220 07:49:41.925" endtime="20220220 07:49:45.126"/>
</kw>
<kw name="Input Text" library="SeleniumLibrary">
<arg>${txt_password}</arg>
<arg>${password}</arg>
<doc>Types the given ``text`` into the text field identified by ``locator``.</doc>
<msg timestamp="20220220 07:49:45.130" level="INFO">Typing text '12345' into text field 'id:passwd'.</msg>
<status status="PASS" starttime="20220220 07:49:45.127" endtime="20220220 07:49:48.306"/>
</kw>
<kw name="Sleep" library="BuiltIn">
<arg>1s</arg>
<doc>Pauses the test executed for the given time.</doc>
<msg timestamp="20220220 07:49:49.316" level="INFO">Slept 1 second</msg>
<status status="PASS" starttime="20220220 07:49:48.307" endtime="20220220 07:49:49.317"/>
</kw>
<kw name="Click Button" library="SeleniumLibrary">
<arg>${btn_submit_login}</arg>
<doc>Clicks the button identified by ``locator``.</doc>
<msg timestamp="20220220 07:49:49.318" level="INFO">Clicking button 'id:SubmitLogin'.</msg>
<status status="PASS" starttime="20220220 07:49:49.317" endtime="20220220 07:49:56.795"/>
</kw>
<status status="PASS" starttime="20220220 07:49:41.922" endtime="20220220 07:49:56.796"/>
</kw>
<kw name="Visit Casual Dresses category" library="ShoppingKeywords">
<kw name="Mouse Over" library="SeleniumLibrary">
<arg>${dresses_tag}</arg>
<doc>Simulates hovering the mouse over the element ``locator``.</doc>
<msg timestamp="20220220 07:49:56.797" level="INFO">Simulating Mouse Over on element 'xpath://*[@id="block_top_menu"]/ul/li[2]/a'.</msg>
<status status="PASS" starttime="20220220 07:49:56.797" endtime="20220220 07:49:59.113"/>
</kw>
<kw name="Click Element" library="SeleniumLibrary">
<arg>${casual_dresses_tag}</arg>
<doc>Click the element identified by ``locator``.</doc>
<msg timestamp="20220220 07:49:59.114" level="INFO">Clicking element 'xpath://*[@id="block_top_menu"]/ul/li[2]/ul/li[1]/a'.</msg>
<status status="PASS" starttime="20220220 07:49:59.113" endtime="20220220 07:50:03.417"/>
</kw>
<kw name="Sleep" library="BuiltIn">
<arg>5s</arg>
<doc>Pauses the test executed for the given time.</doc>
<msg timestamp="20220220 07:50:08.419" level="INFO">Slept 5 seconds</msg>
<status status="PASS" starttime="20220220 07:50:03.417" endtime="20220220 07:50:08.420"/>
</kw>
<kw name="Get first item of the list" library="ShoppingKeywords">
<kw name="Execute Javascript" library="SeleniumLibrary">
<arg>window.scrollTo(0,600)</arg>
<doc>Executes the given JavaScript code with possible arguments.</doc>
<msg timestamp="20220220 07:50:08.424" level="INFO">Executing JavaScript:
window.scrollTo(0,600)
Without any arguments.</msg>
<status status="PASS" starttime="20220220 07:50:08.421" endtime="20220220 07:50:09.433"/>
</kw>
<kw name="Click Element" library="SeleniumLibrary">
<arg>${first_item}</arg>
<doc>Click the element identified by ``locator``.</doc>
<msg timestamp="20220220 07:50:09.436" level="INFO">Clicking element 'xpath://*[@id="center_column"]/ul/li'.</msg>
<status status="PASS" starttime="20220220 07:50:09.434" endtime="20220220 07:50:11.549"/>
</kw>
<kw name="Sleep" library="BuiltIn">
<arg>5s</arg>
<doc>Pauses the test executed for the given time.</doc>
<msg timestamp="20220220 07:50:16.557" level="INFO">Slept 5 seconds</msg>
<status status="PASS" starttime="20220220 07:50:11.550" endtime="20220220 07:50:16.558"/>
</kw>
<kw name="Click Element" library="SeleniumLibrary">
<arg>${item_details_tag}</arg>
<doc>Click the element identified by ``locator``.</doc>
<msg timestamp="20220220 07:50:16.559" level="INFO">Clicking element 'xpath://*[@id="center_column"]/ul/li/div/div[2]/div[2]/a[2]'.</msg>
<status status="PASS" starttime="20220220 07:50:16.558" endtime="20220220 07:50:21.035"/>
</kw>
<kw name="Sleep" library="BuiltIn">
<arg>5s</arg>
<doc>Pauses the test executed for the given time.</doc>
<msg timestamp="20220220 07:50:26.041" level="INFO">Slept 5 seconds</msg>
<status status="PASS" starttime="20220220 07:50:21.036" endtime="20220220 07:50:26.042"/>
</kw>
<status status="PASS" starttime="20220220 07:50:08.420" endtime="20220220 07:50:26.043"/>
</kw>
<status status="PASS" starttime="20220220 07:49:56.796" endtime="20220220 07:50:26.043"/>
</kw>
<kw name="Add one item to cart from Casual Dresses Section" library="ShoppingKeywords">
<kw name="Add to cart and continue" library="ShoppingKeywords">
<kw name="Click Button" library="SeleniumLibrary">
<arg>${btn_add_cart}</arg>
<doc>Clicks the button identified by ``locator``.</doc>
<msg timestamp="20220220 07:50:26.046" level="INFO">Clicking button 'xpath://*[@id="add_to_cart"]/button'.</msg>
<status status="PASS" starttime="20220220 07:50:26.046" endtime="20220220 07:50:31.234"/>
</kw>
<kw name="Sleep" library="BuiltIn">
<arg>2s</arg>
<doc>Pauses the test executed for the given time.</doc>
<msg timestamp="20220220 07:50:33.246" level="INFO">Slept 2 seconds</msg>
<status status="PASS" starttime="20220220 07:50:31.234" endtime="20220220 07:50:33.247"/>
</kw>
<kw name="Click Element" library="SeleniumLibrary">
<arg>${btn_continue}</arg>
<doc>Click the element identified by ``locator``.</doc>
<msg timestamp="20220220 07:50:33.248" level="INFO">Clicking element 'xpath://*[@id="layer_cart"]/div[1]/div[2]/div[4]/span/span'.</msg>
<status status="PASS" starttime="20220220 07:50:33.247" endtime="20220220 07:50:35.349"/>
</kw>
<status status="PASS" starttime="20220220 07:50:26.045" endtime="20220220 07:50:35.350"/>
</kw>
<status status="PASS" starttime="20220220 07:50:26.044" endtime="20220220 07:50:35.350"/>
</kw>
<kw name="Visit T-shirt section from Navigation Bar" library="ShoppingKeywords">
<kw name="Click Element" library="SeleniumLibrary">
<arg>${t_shirts_tag}</arg>
<doc>Click the element identified by ``locator``.</doc>
<msg timestamp="20220220 07:50:35.353" level="INFO">Clicking element 'xpath://*[@id="block_top_menu"]/ul/li[3]/a'.</msg>
<status status="PASS" starttime="20220220 07:50:35.352" endtime="20220220 07:50:40.104"/>
</kw>
<kw name="Sleep" library="BuiltIn">
<arg>5s</arg>
<doc>Pauses the test executed for the given time.</doc>
<msg timestamp="20220220 07:50:45.115" level="INFO">Slept 5 seconds</msg>
<status status="PASS" starttime="20220220 07:50:40.105" endtime="20220220 07:50:45.115"/>
</kw>
<kw name="Get first item of the list" library="ShoppingKeywords">
<kw name="Execute Javascript" library="SeleniumLibrary">
<arg>window.scrollTo(0,600)</arg>
<doc>Executes the given JavaScript code with possible arguments.</doc>
<msg timestamp="20220220 07:50:45.119" level="INFO">Executing JavaScript:
window.scrollTo(0,600)
Without any arguments.</msg>
<status status="PASS" starttime="20220220 07:50:45.117" endtime="20220220 07:50:46.148"/>
</kw>
<kw name="Click Element" library="SeleniumLibrary">
<arg>${first_item}</arg>
<doc>Click the element identified by ``locator``.</doc>
<msg timestamp="20220220 07:50:46.150" level="INFO">Clicking element 'xpath://*[@id="center_column"]/ul/li'.</msg>
<status status="PASS" starttime="20220220 07:50:46.149" endtime="20220220 07:50:48.271"/>
</kw>
<kw name="Sleep" library="BuiltIn">
<arg>5s</arg>
<doc>Pauses the test executed for the given time.</doc>
<msg timestamp="20220220 07:50:53.273" level="INFO">Slept 5 seconds</msg>
<status status="PASS" starttime="20220220 07:50:48.272" endtime="20220220 07:50:53.273"/>
</kw>
<kw name="Click Element" library="SeleniumLibrary">
<arg>${item_details_tag}</arg>
<doc>Click the element identified by ``locator``.</doc>
<msg timestamp="20220220 07:50:53.275" level="INFO">Clicking element 'xpath://*[@id="center_column"]/ul/li/div/div[2]/div[2]/a[2]'.</msg>
<status status="PASS" starttime="20220220 07:50:53.274" endtime="20220220 07:50:57.656"/>
</kw>
<kw name="Sleep" library="BuiltIn">
<arg>5s</arg>
<doc>Pauses the test executed for the given time.</doc>
<msg timestamp="20220220 07:51:02.663" level="INFO">Slept 5 seconds</msg>
<status status="PASS" starttime="20220220 07:50:57.657" endtime="20220220 07:51:02.664"/>
</kw>
<status status="PASS" starttime="20220220 07:50:45.116" endtime="20220220 07:51:02.664"/>
</kw>
<status status="PASS" starttime="20220220 07:50:35.351" endtime="20220220 07:51:02.665"/>
</kw>
<kw name="Filter the list with blue color from T-shirt section" library="ShoppingKeywords">
<kw name="Click Element" library="SeleniumLibrary">
<arg>${color_blue_tag}</arg>
<doc>Click the element identified by ``locator``.</doc>
<msg timestamp="20220220 07:51:02.667" level="INFO">Clicking element 'name:Blue'.</msg>
<status status="PASS" starttime="20220220 07:51:02.666" endtime="20220220 07:51:04.831"/>
</kw>
<kw name="Sleep" library="BuiltIn">
<arg>1s</arg>
<doc>Pauses the test executed for the given time.</doc>
<msg timestamp="20220220 07:51:05.846" level="INFO">Slept 1 second</msg>
<status status="PASS" starttime="20220220 07:51:04.831" endtime="20220220 07:51:05.846"/>
</kw>
<status status="PASS" starttime="20220220 07:51:02.665" endtime="20220220 07:51:05.847"/>
</kw>
<kw name="Add a shirt from the filtered list" library="ShoppingKeywords">
<kw name="Add to cart and checkout" library="ShoppingKeywords">
<kw name="Click Button" library="SeleniumLibrary">
<arg>${btn_add_cart}</arg>
<doc>Clicks the button identified by ``locator``.</doc>
<msg timestamp="20220220 07:51:05.848" level="INFO">Clicking button 'xpath://*[@id="add_to_cart"]/button'.</msg>
<status status="PASS" starttime="20220220 07:51:05.848" endtime="20220220 07:51:10.986"/>
</kw>
<kw name="Sleep" library="BuiltIn">
<arg>2s</arg>
<doc>Pauses the test executed for the given time.</doc>
<msg timestamp="20220220 07:51:12.997" level="INFO">Slept 2 seconds</msg>
<status status="PASS" starttime="20220220 07:51:10.987" endtime="20220220 07:51:12.998"/>
</kw>
<kw name="Click Element" library="SeleniumLibrary">
<arg>${btn_proceed_checkout}</arg>
<doc>Click the element identified by ``locator``.</doc>
<msg timestamp="20220220 07:51:12.999" level="INFO">Clicking element 'xpath://*[@id="layer_cart"]/div[1]/div[2]/div[4]/a'.</msg>
<status status="PASS" starttime="20220220 07:51:12.998" endtime="20220220 07:51:17.177"/>
</kw>
<status status="PASS" starttime="20220220 07:51:05.847" endtime="20220220 07:51:17.178"/>
</kw>
<status status="PASS" starttime="20220220 07:51:05.847" endtime="20220220 07:51:17.179"/>
</kw>
<kw name="Checkout with two different products and select payment process" library="CheckoutKeywords">
<kw name="Checkout Summary" library="CheckoutKeywords">
<kw name="Wait Until Page Contains" library="SeleniumLibrary">
<arg>${checkout_summary_header}</arg>
<doc>Waits until ``text`` appears on the current page.</doc>
<status status="PASS" starttime="20220220 07:51:17.181" endtime="20220220 07:51:18.204"/>
</kw>
<kw name="Click Element" library="SeleniumLibrary">
<arg>${btn_checkout_to_address}</arg>
<doc>Click the element identified by ``locator``.</doc>
<msg timestamp="20220220 07:51:18.206" level="INFO">Clicking element 'xpath://*[@id="center_column"]/p[2]/a[1]'.</msg>
<status status="PASS" starttime="20220220 07:51:18.205" endtime="20220220 07:51:22.794"/>
</kw>
<status status="PASS" starttime="20220220 07:51:17.180" endtime="20220220 07:51:22.795"/>
</kw>
<kw name="Checkout Address" library="CheckoutKeywords">
<kw name="Wait Until Page Contains" library="SeleniumLibrary">
<arg>${checkout_address_header}</arg>
<doc>Waits until ``text`` appears on the current page.</doc>
<status status="PASS" starttime="20220220 07:51:22.797" endtime="20220220 07:51:23.840"/>
</kw>
<kw name="Click Button" library="SeleniumLibrary">
<arg>${btn_checkout_to_shipping}</arg>
<doc>Clicks the button identified by ``locator``.</doc>
<msg timestamp="20220220 07:51:23.842" level="INFO">Clicking button 'xpath://*[@id="center_column"]/form/p/button'.</msg>
<status status="PASS" starttime="20220220 07:51:23.841" endtime="20220220 07:51:30.932"/>
</kw>
<status status="PASS" starttime="20220220 07:51:22.796" endtime="20220220 07:51:30.933"/>
</kw>
<kw name="Checkout Shipping" library="CheckoutKeywords">
<kw name="Wait Until Page Contains" library="SeleniumLibrary">
<arg>${checkout_shipping_header}</arg>
<doc>Waits until ``text`` appears on the current page.</doc>
<status status="PASS" starttime="20220220 07:51:30.935" endtime="20220220 07:51:31.961"/>
</kw>
<kw name="Click Element" library="SeleniumLibrary">
<arg>${check_terms}</arg>
<doc>Click the element identified by ``locator``.</doc>
<msg timestamp="20220220 07:51:31.962" level="INFO">Clicking element 'id:cgv'.</msg>
<status status="PASS" starttime="20220220 07:51:31.961" endtime="20220220 07:51:34.067"/>
</kw>
<kw name="Click Button" library="SeleniumLibrary">
<arg>${btn_checkout_to_payment}</arg>
<doc>Clicks the button identified by ``locator``.</doc>
<msg timestamp="20220220 07:51:34.069" level="INFO">Clicking button 'xpath://*[@id="form"]/p/button'.</msg>
<status status="PASS" starttime="20220220 07:51:34.068" endtime="20220220 07:51:41.405"/>
</kw>
<status status="PASS" starttime="20220220 07:51:30.934" endtime="20220220 07:51:41.406"/>
</kw>
<kw name="Checkout Payment" library="CheckoutKeywords">
<kw name="Wait Until Page Contains" library="SeleniumLibrary">
<arg>${checkout_payment_header}</arg>
<doc>Waits until ``text`` appears on the current page.</doc>
<status status="PASS" starttime="20220220 07:51:41.407" endtime="20220220 07:51:42.441"/>
</kw>
<kw name="Click Element" library="SeleniumLibrary">
<arg>${btn_by_check}</arg>
<doc>Click the element identified by ``locator``.</doc>
<msg timestamp="20220220 07:51:42.443" level="INFO">Clicking element 'xpath://*[@id="HOOK_PAYMENT"]/div[2]/div/p/a'.</msg>
<status status="PASS" starttime="20220220 07:51:42.442" endtime="20220220 07:51:46.102"/>
</kw>
<status status="PASS" starttime="20220220 07:51:41.406" endtime="20220220 07:51:46.104"/>
</kw>
<kw name="Wait Until Page Contains" library="SeleniumLibrary">
<arg>${checkout_final_header}</arg>
<doc>Waits until ``text`` appears on the current page.</doc>
<status status="PASS" starttime="20220220 07:51:46.104" endtime="20220220 07:51:47.131"/>
</kw>
<kw name="Sleep" library="BuiltIn">
<arg>5s</arg>
<doc>Pauses the test executed for the given time.</doc>
<msg timestamp="20220220 07:51:52.140" level="INFO">Slept 5 seconds</msg>
<status status="PASS" starttime="20220220 07:51:47.132" endtime="20220220 07:51:52.141"/>
</kw>
<status status="PASS" starttime="20220220 07:51:17.179" endtime="20220220 07:51:52.141"/>
</kw>
<kw name="Sleep" library="BuiltIn">
<arg>1s</arg>
<doc>Pauses the test executed for the given time.</doc>
<msg timestamp="20220220 07:51:53.156" level="INFO">Slept 1 second</msg>
<status status="PASS" starttime="20220220 07:51:52.142" endtime="20220220 07:51:53.157"/>
</kw>
<kw name="Logout from user portal" library="LoginKeywords">
<kw name="Click Element" library="SeleniumLibrary">
<arg>${nav_sign_out_tag}</arg>
<doc>Click the element identified by ``locator``.</doc>
<msg timestamp="20220220 07:51:53.158" level="INFO">Clicking element 'xpath://*[@id="header"]/div[2]/div/div/nav/div[2]/a'.</msg>
<status status="PASS" starttime="20220220 07:51:53.158" endtime="20220220 07:51:57.265"/>
</kw>
<status status="PASS" starttime="20220220 07:51:53.157" endtime="20220220 07:51:57.265"/>
</kw>
<kw name="Sleep" library="BuiltIn">
<arg>1s</arg>
<doc>Pauses the test executed for the given time.</doc>
<msg timestamp="20220220 07:51:58.281" level="INFO">Slept 1 second</msg>
<status status="PASS" starttime="20220220 07:51:57.265" endtime="20220220 07:51:58.281"/>
</kw>
<status status="PASS" starttime="20220220 07:49:34.573" endtime="20220220 07:51:58.281"/>
</kw>
<status status="PASS" starttime="20220220 07:49:34.566" endtime="20220220 07:51:58.282"/>
</test>
<kw name="Close Browser" library="BaseKeywords" type="TEARDOWN">
<kw name="Close All Browsers" library="SeleniumLibrary">
<doc>Closes all open browsers and resets the browser cache.</doc>
<status status="PASS" starttime="20220220 07:51:58.286" endtime="20220220 07:52:01.743"/>
</kw>
<status status="PASS" starttime="20220220 07:51:58.286" endtime="20220220 07:52:01.743"/>
</kw>
<doc>Check the new user's account by logging in and shopping with that account</doc>
<status status="PASS" starttime="20220220 07:46:56.688" endtime="20220220 07:52:01.744"/>
</suite>
<status status="PASS" starttime="20220220 07:45:50.888" endtime="20220220 07:52:01.750"/>
</suite>
<statistics>
<total>
<stat pass="5" fail="0" skip="0">All Tests</stat>
</total>
<tag>
<stat pass="3" fail="0" skip="0">p0</stat>
</tag>
<suite>
<stat pass="5" fail="0" skip="0" id="s1" name="TestCases">TestCases</stat>
<stat pass="1" fail="0" skip="0" id="s1-s1" name="TS MyStore 001">TestCases.TS MyStore 001</stat>
<stat pass="2" fail="0" skip="0" id="s1-s2" name="TS MyStore 002">TestCases.TS MyStore 002</stat>
<stat pass="2" fail="0" skip="0" id="s1-s3" name="TS MyStore 003">TestCases.TS MyStore 003</stat>
</suite>
</statistics>
<errors>
<msg timestamp="20220220 07:46:38.967" level="WARN">Multiple test cases with name 'TC_MyStore_Signin_02_to_04' executed in test suite 'TestCases.TS MyStore 002'.</msg>
<msg timestamp="20220220 07:49:34.565" level="WARN">Multiple test cases with name 'TC_MyStore_01_to_08' executed in test suite 'TestCases.TS MyStore 003'.</msg>
</errors>
</robot>
